@ NAME             %09s "PTC_TWISS"
@ TYPE             %05s "TWISS"
@ SEQUENCE         %03s "SEQ"
@ PARTICLE         %08s "POSITRON"
@ MASS             %le    0.00051
@ CHARGE           %le    1.00000
@ ENERGY           %le    1.00000
@ PC               %le    1.00000
@ GAMMA            %le  1956.95134
@ KBUNCH           %le    1.00000
@ BCURRENT         %le    0.00000
@ SIGE             %le    0.00000
@ SIGT             %le    0.00000
@ NPART            %le    0.00000
@ EX               %le    1.00000
@ EY               %le    1.00000
@ ET               %le    1.00000
@ DELTAP           %le    0.00000
@ LENGTH           %le   10.00000
@ ALPHA_C          %le  -1000000.00000
@ ALPHA_C_P        %le  -1000000.00000
@ ALPHA_C_P2       %le  -1000000.00000
@ ALPHA_C_P3       %le  -1000000.00000
@ ETA_C            %le  -1000000.00000
@ GAMMA_TR         %le  -1000000.00000
@ Q1               %le    0.23426
@ Q2               %le    0.23418
@ DQ1              %le  -1000000.00000
@ DQ2              %le  -1000000.00000
@ QS               %le  -1000000.00000
@ BETA_X_MIN       %le  -1000000.00000
@ BETA_X_MAX       %le  -1000000.00000
@ BETA_Y_MIN       %le  -1000000.00000
@ BETA_Y_MAX       %le  -1000000.00000
@ ORBIT_X          %le  -1000000.00000
@ ORBIT_PX         %le  -1000000.00000
@ ORBIT_Y          %le  -1000000.00000
@ ORBIT_PY         %le  -1000000.00000
@ ORBIT_PT         %le  -1000000.00000
@ ORBIT_-CT        %le  -1000000.00000
@ XCORMS           %le  -1000000.00000
@ PXCORMS          %le  -1000000.00000
@ YCORMS           %le  -1000000.00000
@ PYCORMS          %le  -1000000.00000
@ XCOMAX           %le  -1000000.00000
@ PXCOMAX          %le  -1000000.00000
@ YCOMAX           %le  -1000000.00000
@ PYCOMAX          %le  -1000000.00000
@ TITLE            %08s "no-title"
@ ORIGIN           %22s "MAD-X 5.01.00 Linux 32"
@ DATE             %08s "03/02/14"
@ TIME             %08s "16.28.03"
* NAME                       S         L         X        PX    ALFA11    BETA11     DISP1         Y        PY    ALFA22    BETA22     DISP3 
$ %s                       %le       %le       %le       %le       %le       %le       %le       %le       %le       %le       %le       %le 
 "SEQ$START"           0.00000   0.00000   0.00000   0.00000  -0.00000   1.00000   0.00000   0.00000   0.00000  -0.00000   1.00000   0.00000
 "DRIFT_0"             1.00000   1.00000   0.00000   0.00000  -1.00000   2.00000   0.00000   0.00000   0.00000  -1.00000   2.00000   0.00000
 "MYKICK"              1.00000   0.00000   0.00000   0.04000  -1.00000   2.00000   0.00000   0.00000   0.00000  -1.00000   2.00000   0.00000
 "DRIFT_0"             2.00000   1.00000   0.04003   0.04000  -2.00240   5.00963  -0.04010   0.00000   0.00000  -2.00080   5.00320   0.00000
 "MYKICK"              2.00000   0.00000   0.04003   0.08000  -2.00240   5.00963  -0.04010   0.00000   0.00000  -2.00080   5.00320   0.00000
 "DRIFT_1"            10.00000   8.00000   0.68209   0.08000 -10.07982 102.60285  -0.68629   0.00000   0.00000 -10.02652 101.53119   0.00000
 "SEQ$END"            10.00000   0.00000   0.68209   0.08000 -10.07982 102.60285  -0.68629   0.00000   0.00000 -10.02652 101.53119   0.00000
