@ NAME             %05s "TWISS"
@ TYPE             %05s "TWISS"
@ SEQUENCE         %03s "SEQ"
@ PARTICLE         %08s "POSITRON"
@ MASS             %le    0.00051
@ CHARGE           %le    1.00000
@ ENERGY           %le    1.00000
@ PC               %le    1.00000
@ GAMMA            %le  1956.95134
@ KBUNCH           %le    1.00000
@ BCURRENT         %le    0.00000
@ SIGE             %le    0.00000
@ SIGT             %le    0.00000
@ NPART            %le    0.00000
@ EX               %le    1.00000
@ EY               %le    1.00000
@ ET               %le    1.00000
@ LENGTH           %le   10.00000
@ ALFA             %le    0.00000
@ ORBIT5           %le   -0.00000
@ GAMMATR          %le    0.00000
@ Q1               %le    0.23414
@ Q2               %le    0.23414
@ DQ1              %le    0.00000
@ DQ2              %le    0.00000
@ DXMAX            %le    0.68000
@ DYMAX            %le    0.00000
@ XCOMAX           %le    0.68000
@ YCOMAX           %le    0.00000
@ BETXMAX          %le  101.00000
@ BETYMAX          %le  101.00000
@ XCORMS           %le    0.36410
@ YCORMS           %le    0.00000
@ DXRMS            %le    0.36410
@ DYRMS            %le    0.00000
@ DELTAP           %le    0.00000
@ SYNCH_1          %le    0.00000
@ SYNCH_2          %le    0.00000
@ SYNCH_3          %le    0.00000
@ SYNCH_4          %le    0.00000
@ SYNCH_5          %le    0.00000
@ TITLE            %08s "no-title"
@ ORIGIN           %22s "MAD-X 5.01.00 Linux 32"
@ DATE             %08s "03/02/14"
@ TIME             %08s "16.28.03"
* NAME                       S         L         X        PX      ALFX      BETX        DX         Y        PY      ALFY      BETY        DY 
$ %s                       %le       %le       %le       %le       %le       %le       %le       %le       %le       %le       %le       %le 
 "SEQ$START"           0.00000   0.00000   0.00000   0.00000   0.00000   1.00000   0.00000   0.00000   0.00000   0.00000   1.00000   0.00000
 "DRIFT_0"             0.50000   1.00000   0.00000   0.00000  -0.50000   1.25000   0.00000   0.00000   0.00000  -0.50000   1.25000   0.00000
 "MYKICK"              1.00000   0.00000   0.00000   0.00000  -1.00000   2.00000   0.00000   0.00000   0.00000  -1.00000   2.00000   0.00000
 "DRIFT_0"             1.50000   1.00000   0.02000   0.04000  -1.50000   3.25000  -0.02000   0.00000   0.00000  -1.50000   3.25000   0.00000
 "MYKICK"              2.00000   0.00000   0.04000   0.04000  -2.00000   5.00000  -0.04000   0.00000   0.00000  -2.00000   5.00000   0.00000
 "DRIFT_1"             6.00000   8.00000   0.36000   0.08000  -6.00000  37.00000  -0.36000   0.00000   0.00000  -6.00000  37.00000   0.00000
 "SEQ$END"            10.00000   0.00000   0.68000   0.08000 -10.00000 101.00000  -0.68000   0.00000   0.00000 -10.00000 101.00000   0.00000
