
  +++++++++++++++++++++++++++++++++++++++++++
  +              MAD-X 4.01.21              +
  +    DEBUG Version - use at own risk!     +
  + Code Modification Date: 16.02.2010      +
  + Execution Time Stamp: 27.02.12 12.12.39 +
  +++++++++++++++++++++++++++++++++++++++++++
!test



option,-echo;

enter Twiss module
++++++ info: Zero value of SIGT replaced by 1.
  
open line - error with deltap:   0.000000E+00
end values:   0.000000E+00  0.000000E+00  0.000000E+00  0.000000E+00  0.000000E+00  0.000000E+00

++++++ table: summ

      length       orbit5         alfa      gammatr 
    0.375000    -0.000000     0.000000     0.000000 

          q1          dq1      betxmax        dxmax 
    0.143125     0.000000     0.759775     0.000000 

       dxrms       xcomax       xcorms           q2 
    0.000000     0.000000     0.000000     0.143125 

         dq2      betymax        dymax        dyrms 
    0.000000     0.759775     0.000000     0.000000 

      ycomax       ycorms       deltap      synch_1 
    0.000000     0.000000     0.000000     0.000000 

     synch_2      synch_3      synch_4      synch_5 
    0.000000     0.000000     0.000000     0.000000 

  Number of warnings: 0

  +++++++++++++++++++++++++++++++++++
  + MAD-X 4.01.21 finished normally +
  +++++++++++++++++++++++++++++++++++
