@ NAME             %09s "PTC_TWISS"
@ TYPE             %05s "TWISS"
@ SEQUENCE         %04s "RING"
@ PARTICLE         %06s "PROTON"
@ MASS             %le         0.938272013
@ CHARGE           %le                   1
@ ENERGY           %le         0.955894168
@ PC               %le              0.1827
@ GAMMA            %le         1.018781499
@ KBUNCH           %le                   1
@ BCURRENT         %le                   0
@ SIGE             %le                   0
@ SIGT             %le                   0
@ NPART            %le                   0
@ EX               %le    2.567794234e-006
@ EY               %le    2.567794234e-006
@ ET               %le                   1
@ DELTAP           %le                   0
@ LENGTH           %le               34.56
@ ALPHA_C          %le    1.018564126e-312
@ ALPHA_C_P        %le    1.018564126e-312
@ ALPHA_C_P2       %le    1.018564126e-312
@ ALPHA_C_P3       %le    1.018564126e-312
@ ETA_C            %le    1.018564126e-312
@ GAMMA_TR         %le    1.018564126e-312
@ Q1               %le    1.018564126e-312
@ Q2               %le    1.018564126e-312
@ DQ1              %le    1.018564126e-312
@ DQ2              %le    1.018564126e-312
@ QS               %le    1.018564126e-312
@ BETA_X_MIN       %le    1.018564126e-312
@ BETA_X_MAX       %le    1.018564126e-312
@ BETA_Y_MIN       %le    1.018564126e-312
@ BETA_Y_MAX       %le    1.018564126e-312
@ ORBIT_X          %le    1.018564126e-312
@ ORBIT_PX         %le    1.018564126e-312
@ ORBIT_Y          %le    1.018564126e-312
@ ORBIT_PY         %le    1.018564126e-312
@ ORBIT_PT         %le    1.018564126e-312
@ ORBIT_-CT        %le    1.018564126e-312
@ XCORMS           %le                   0
@ PXCORMS          %le                   0
@ YCORMS           %le                   0
@ PYCORMS          %le                   0
@ XCOMAX           %le                   0
@ PXCOMAX          %le                   0
@ YCOMAX           %le                   0
@ PYCOMAX          %le                   0
@ TITLE            %01s " "
@ ORIGIN           %19s "MAD-X 5.00.00 Win32"
@ DATE             %08s "24/03/11"
@ TIME             %08s "09.29.23"
* NAME                                S             BETA11             ALFA11                MU1              DISP1             BETA22             ALFA22                MU2              DISP3                  X                 PX                  Y                 PY                  T                 PT 
$ %s                                %le                %le                %le                %le                %le                %le                %le                %le                %le                %le                %le                %le                %le                %le                %le 
 "RING$START"                         0        2.349973758       -4.375478421                  0      0.00542692828       0.1981606543       0.5178972959                  0                  0    -0.009001603087     -0.02328864635                  0                  0                  0              -0.35
 "BF"                              0.17        1.834958297        5.508615131      0.01648387357    -0.003398100082       0.6270270326       -2.704792023       0.1768288777  -2.481663356e-005    -0.006239748493       0.0423350934   1.494573143e-005     0.000123370754                  0              -0.35
 "D1"                              0.25       0.7323961356        3.392760517      0.03352152682     -0.01934197928        1.495992864       -4.340563937       0.1971521156  -5.177960197e-005    -0.001018188573       0.0423350934   3.016213307e-005     0.000123370754                  0              -0.35
 "BD"                              0.43       0.1510947658      -0.5432893104       0.2533022321     -0.02622967118        1.935960852         3.37724784       0.2187339155   -0.0001885335976     0.001315150342     -0.02378037961    0.0001403558604    0.0005739479922                  0              -0.35
 "D2"                              0.48       0.2857711786       -1.203989454        0.313783246     -0.02067244114         1.45400417        2.883987394       0.2260383982   -0.0002239990603    -0.000515335784     -0.02378037961    0.0001845352996    0.0005739479922                  0              -0.35
 "RFC"                             0.67        1.726419329       -3.714650001       0.3822415688    0.0004450329935       0.3151155516        1.009597702       0.2971572141   -0.0003587678184    -0.007471183062     -0.02378037961    0.0003524171688    0.0005739479922                  0              -0.35
 "D2"                              0.72        2.349978785       -4.375350145       0.3883334353     0.006002263029       0.1976571718       0.5163372567       0.3470590107   -0.0003942332811    -0.009301669188     -0.02378037961    0.0003965966081    0.0005739479922                  0              -0.35
 "BF"                              0.89        1.834452264         5.50873405       0.4048209099    -0.003204136169       0.6282519664       -2.711311917       0.5240540603    -0.001252959739    -0.006464200089      0.04334687011    0.0008311419671     0.003014582259                  0              -0.35
 "D1"                              0.97       0.7316755185        3.391530547       0.4218748927     -0.01958600227        1.499433216       -4.351050179       0.5443367473    -0.002120126539    -0.001117240251      0.04334687011     0.001202999271     0.003014582259                  0              -0.35
 "BD"                              1.15       0.1512194736      -0.5452612846       0.6419266508     -0.02788978765        1.939102895        3.377839563        0.565877795    -0.001365809728     0.001561899859     -0.02207725114      0.00121749029    -0.002860003409                  0              -0.35
 "D3"                              1.44        2.352213101       -4.379417464       0.7767474963    0.0007837357154       0.1986406685       0.5208379681       0.6936457544     0.003744571463    -0.008293732583     -0.02207725114  -5.926025245e-005    -0.002860003409                  0              -0.35
 "BF"                              1.61        1.837495422        5.513680263       0.7932099457    -0.006621523962       0.6249828753       -2.696278408       0.8704656414      0.01000031909    -0.005573490169      0.04084623966    -0.001016507915    -0.005059221192                  0              -0.35
 "D1"                              1.69       0.7341300624        3.397851384       0.8102091988     -0.02049493197        1.491326742       -4.328237217       0.8908533738      0.01508153763   -0.0005361519427      0.04084623966    -0.001640433362    -0.005059221192                  0              -0.35
 "BD"                              1.87       0.1509951981      -0.5419549687        1.029894496     -0.02308114109        1.934085569        3.364576233       0.9124885069      0.01467946721      0.00163686059     -0.02358209227    -0.001858109768     0.003598314103                  0              -0.35
 "D3"                              2.16        2.347940889       -4.372441422        1.165068287      0.01700263954       0.1995234617        0.520499742        1.040129019    -0.004640450104    -0.008891473243     -0.02358209227   -0.0002516258447     0.003598314103                  0              -0.35
 "BF"                              2.33        1.833944186        5.504243068        1.181564187     0.006187214771       0.6249449123       -2.690063867        1.216404014     -0.02124998366    -0.006260971486      0.04172115137    0.0007421136488     0.004621402544                  0              -0.35
 "D1"                              2.41       0.7323422508        3.390803899        1.198605065     -0.01375319656        1.489028202       -4.315634955        1.236810039     -0.03295667102    -0.001115319515      0.04172115137     0.001312091426     0.004621402544                  0              -0.35
 "BD"                              2.59        0.151104536      -0.5420788804        1.418129058     -0.02774188423        1.926006373         3.36667813        1.258497454     -0.03567249977    0.0009874264077     -0.02499348048     0.001718558385    -0.001978123104                  0              -0.35
 "D3"                              2.88        2.347938076       -4.370918132        1.553274554    -0.006397345361       0.1963303893       0.5072604533        1.387831565    -0.001546432813     -0.01017181538     -0.02499348048    0.0008353539024    -0.001978123104                  0              -0.35
 "BF"                              3.05        1.831284619        5.503965422        1.569787526     -0.01518247307       0.6340164134       -2.736291771         1.56463192      0.02098347538    -0.007072859259      0.04636219155    0.0007215071727     0.001029641507                  0              -0.35
 "D1"                              3.13       0.7289010006        3.384627266        1.586905441     -0.02817548067        1.513105764       -4.388085877        1.584735876      0.03453456936    -0.001352165718      0.04636219155    0.0008485560313     0.001029641507                  0              -0.35
 "BD"                              3.31       0.1517010228      -0.5510715856           1.807638     -0.03255972909        1.949059908        3.396182031        1.606127059      0.04172612868      0.00210638166     -0.01888644245    0.0006855884159    -0.002024870291                  0              -0.35
 "D3"                               3.6        2.359046374       -4.390138934        1.941832786    -0.002444158841       0.1984934417       0.5257925364        1.733510531       0.0140590248    -0.006323477427     -0.01888644245   -0.0002182012344    -0.002024870291                  0              -0.35
 "BF"                              3.77        1.844760729        5.528713614         1.95823217    -0.005719675719       0.6218384893       -2.690416338        1.910838109     0.003706146524    -0.004004460173      0.03489532331     -0.00107549641    -0.005077756746                  0              -0.35
 "D1"                              3.85       0.7393779263        3.413470916        1.975110927     -0.01651759648        1.486413904       -4.323509926        1.931301475    0.0008613300133    0.0002966828984      0.03489532331    -0.001701372779    -0.005077756746                  0              -0.35
 "BD"                              4.03       0.1501426727      -0.5351272193        2.194189329    -0.008918531362        1.943619134        3.376761383         1.95292156     -0.00654175162    0.0009995487469     -0.02929212113    -0.001987735732     0.003230721134                  0              -0.35
 "D3"                              4.32        2.345195118       -4.369780336        2.330185651      0.05698445059        0.200214119       0.5267553125        2.079938117     -0.01760545063     -0.01208269622     -0.02929212113   -0.0005448533575     0.003230721134                  0              -0.35
 "BF"                              4.49        1.828204082         5.49958417        2.346730909      0.03485785906       0.6227716764       -2.674516992        2.256935134     -0.03600383622    -0.008970007993      0.05073003308    0.0001320907661     0.002357204112                  0              -0.35
 "D1"                              4.57       0.7256710472        3.376718852        2.363928195    -0.001828398286        1.482672572        -4.29075798        2.277440518     -0.05171263737    -0.002707167031      0.05073003308    0.0004230977608     0.002357204112                  0              -0.35
 "BD"                              4.75       0.1519058539       -0.553459538        2.584828206     -0.05169637117         1.89824264        3.323800722        2.299329704     -0.05225502659     0.001407552136     -0.01801110324    0.0007357754884   -0.0003229679264                  0              -0.35
 "D3"                              5.04        2.362159748       -4.394852416        2.718769885      -0.0983585909       0.1955693466       0.4910685905        2.430167588     0.001159677317    -0.006631258576     -0.01801110324     0.000591626738   -0.0003229679264                  0              -0.35
 "BF"                              5.21        1.845998083        5.535088115        2.735154405     -0.08890164171       0.6413125166       -2.769438439        2.604997983      0.03904035682     -0.00388660753      0.03696501963    0.0008387910663     0.002366264091                  0              -0.35
 "D1"                              5.29       0.7390189164        3.415465818        2.752039998     -0.06761432817        1.529596453       -4.436050283        2.624860927       0.0629332846    0.0006703383979      0.03696501963     0.001130497594     0.002366264091                  0              -0.35
 "BD"                              5.47       0.1504178966      -0.5390490007        2.971780017    -0.006185054779        1.988351423        3.453777303        2.645937127      0.07464277231      0.00234119547     -0.02373261593     0.001030268554    -0.002969342843                  0              -0.35
 "D3"                              5.76        2.347410554       -4.375354194        3.107336747       0.1341506136       0.2004727538       0.5507441252        2.770963868      0.02286499685    -0.008254377903     -0.02373261593   -0.0002954129488    -0.002969342843                  0              -0.35
 "BF"                              5.93        1.836223113        5.504230125          3.1238231       0.1111045563       0.6095236731       -2.638308482        2.950455371    0.0009511850418    -0.006065413065      0.03882115687    -0.001431738649    -0.006430163827                  0              -0.35
 "D1"                              6.01        0.734984175        3.395124766        3.140810806      0.05301926313        1.458816441        -4.24891022        2.971331191     -0.00709717059    -0.001278644911      0.03882115687    -0.002224597645    -0.006430163827                  0              -0.35
 "BD"                              6.19       0.1506830502      -0.5337974831        3.359129569     -0.02134349704         1.90385805        3.317988464        2.993368468     -0.02113694288   -0.0002274974421     -0.03043773582    -0.002423206574     0.005116723543                  0              -0.35
 "D3"                              6.48        2.337478426       -4.351366745         3.49514354     -0.07626405172       0.1982441531       0.5003927145        3.122937771     -0.03048095098     -0.01382274601     -0.03043773582   -0.0001377826886     0.005116723543                  0              -0.35
 "BF"                              6.65        1.817718069        5.479062968        3.511773151     -0.08814883824        0.638123138       -2.731958454        3.298023355     -0.05593175121     -0.01006503927      0.05629052734     0.001329006794     0.006963548971                  0              -0.35
 "D1"                              6.73       0.7180706757        3.354724685        3.529148779     -0.08261631199        1.515741006       -4.370782057        3.318072569     -0.07944059201    -0.003110445993      0.05629052734     0.002189340729     0.006963548971                  0              -0.35
 "BD"                              6.91       0.1533122683      -0.5707538285        3.752008299     -0.07073124882        1.921549867        3.371117617        3.339596665     -0.07768325316     0.002612452782     -0.01082145843     0.002585446334    -0.004189522161                  0              -0.35
 "D3"                               7.2        2.385637914       -4.430549023        3.884134528     -0.04921478602       0.1942176789       0.4997102078        3.469946464     0.008885060342    -0.002216352077     -0.01082145843    0.0007159769728    -0.004189522161                  0              -0.35
 "BF"                              7.37        1.866906382        5.587296358        3.900331208     -0.02887482685       0.6359353349       -2.767617392        3.646274794      0.07491388826   -0.0002967439545      0.02409702372   -0.0001347212784    -0.002890172582                  0              -0.35
 "D1"                              7.45       0.7512172676        3.458905087        3.916936356     -0.01722184509         1.52425381       -4.444794097        3.666237275       0.1187790957      0.00267111309      0.02409702372   -0.0004906830419    -0.002890172582                  0              -0.35
 "BD"                              7.63       0.1482076954      -0.5295666588        4.136547318      0.04808479424        2.018668577        3.487676504        3.687192309       0.1372383787     0.001337219004     -0.03467885799   -0.0008997031484    0.0003027919839                  0              -0.35
 "D3"                              7.92        2.357269047       -4.400651344        4.273473431       0.2377523124       0.2038962468       0.5741222938        3.809803643      0.02851074613     -0.01415695593     -0.03467885799   -0.0007644186484    0.0003027919839                  0              -0.35
 "BF"                              8.09        1.837965123        5.532074458        4.289939901       0.1785697376       0.5988787463       -2.577333446        3.990779437     -0.03051867018     -0.01115695453      0.05531252627     -0.00111201588    -0.003156408034                  0              -0.35
 "D1"                              8.17       0.7275003033        3.392547081        4.307098994      0.07599355511        1.430367267       -4.153766822        4.012085175     -0.06052789652    -0.004324394666      0.05531252627     -0.00150191575    -0.003156408034                  0              -0.35
 "BD"                              8.35       0.1510117764      -0.5488320829        4.527852316     -0.09811404113        1.832708029        3.201267335        4.034756156     -0.08529095206    0.0003997438842     -0.01772181796    -0.001426915776     0.003509737649                  0              -0.35
 "D3"                              8.64        2.360215739       -4.397235334        4.662374456       -0.350679962       0.1976850938       0.4619214068        4.167697545     -0.04764267289    -0.007509969076     -0.01772181796    0.0001395723481     0.003509737649                  0              -0.35
 "BF"                              8.81        1.845210305        5.530065831         4.67877225      -0.3094525923       0.6561924952       -2.803299329        4.337617163     -0.05066734306    -0.004292363394      0.03992653364     0.001374974021     0.006717539055                  0              -0.35
 "D1"                              8.89       0.7383968574        3.411454709        4.695681596      -0.2041712806        1.552977977       -4.468207478        4.357109388     -0.06454969078    0.0006312323022      0.03992653364     0.002203356637     0.006717539055                  0              -0.35
 "BD"                              9.07       0.1509383462      -0.5379055026        4.915061728    -0.002968202468        1.994124214        3.490593087        4.378000257      -0.0547854532     0.003233777569     -0.01929726504     0.002590407536    -0.004141136238                  0              -0.35
 "D2"                              9.12       0.2844871295       -1.195899919        4.975677908      0.05429902932        1.496001575        2.981756309        4.385094468     -0.04080435286     0.001748687802     -0.01929726504     0.002271711647    -0.004141136238                  0              -0.35
 "RFC"                             9.31        1.716429765       -3.696278699        5.044466242       0.2719145101       0.3174304965        1.048176555        4.454851969      0.01232382844    -0.003894653312     -0.01929726504     0.001060667266    -0.004141136238                  0              -0.35
 "D2"                              9.36        2.336535001       -4.354273115         5.05058942       0.3291817419       0.1952525677       0.5393397776        4.504873075      0.02630492879    -0.005379743079     -0.01929726504     0.000741971376    -0.004141136238                  0              -0.35
 "BF"                              9.53        1.831426473        5.477167413        5.067123521        0.299420917        0.617139982       -2.698770704        4.686046413      0.09968567718    -0.003671398014      0.03109426818  -9.886740025e-005    -0.002836882742                  0              -0.35
 "D1"                              9.61        0.736719472        3.386732275        5.084077618        0.182667797        1.486028839       -4.352674896        4.706582209       0.1521820941    0.0001600118021      0.03109426818    -0.000448425728    -0.002836882742                  0              -0.35
 "BD"                              9.79       0.1509554843      -0.5289396711        5.301311949      0.02897780586        1.965082077        3.404580412        4.728070146       0.1681546696   -0.0004553581809     -0.03596779299   -0.0009079994572  -8.265236297e-005                  0              -0.35
 "D3"                             10.08        2.328254479       -4.328816096        5.437745755     -0.09488339322       0.2018288922       0.5414835191        4.853616078      0.02292838573     -0.01652715203     -0.03596779299   -0.0009449317132  -8.265236297e-005                  0              -0.35
 "BF"                             10.25        1.804668168        5.457526897        5.454481957      -0.1322720352       0.6165827787       -2.639288853         5.03194489     -0.06521151863     -0.01251149734      0.06355857423    -0.001554208336    -0.004908625194                  0              -0.35
 "D1"                             10.33       0.7077101522        3.327506673        5.472103574      -0.1294611397        1.467066497       -4.237168689        5.052700681      -0.1144872598     -0.00465100947      0.06355857423    -0.002161273382    -0.004908625194                  0              -0.35
 "BD"                             10.51       0.1546602109      -0.5925952013        5.697468975      -0.1521678325          1.8519053        3.241639012        5.074990421      -0.1448836985     0.002517133963    -0.006577063027     -0.00206627146     0.005225078314                  0              -0.35
 "D3"                              10.8        2.423186624       -4.491087621        5.827458826      -0.2404690386       0.1962735008       0.4687163303        5.207608429       -0.060405057   -0.0004174930603    -0.006577063027    0.0002651120094     0.005225078314                  0              -0.35
 "BF"                             10.97        1.894264969        5.673067082        5.843410638      -0.1724422184        0.650470476        -2.80452798        5.378530531     -0.03883968939     0.001553622697      0.02021336669     0.002116271173      0.01019199782                  0              -0.35
 "D1"                             11.05       0.7618210476         3.51359649        5.859774129      -0.0898497969        1.548209188       -4.483438455        5.398118561     -0.04054946453     0.004042931794      0.02021336669     0.003371432338      0.01019199782                  0              -0.35
 "BD"                             11.23        0.146251053      -0.5306316912        6.081125998       0.1200182505        2.041842468        3.542911389        5.418822249     -0.02046544114     0.002250437887     -0.03436757869     0.003974537469    -0.006471793448                  0              -0.35
 "D3"                             11.52        2.381317176       -4.457765007         6.21836621         0.56486702       0.2008652352       0.5770367205        5.541745641      0.05046893188     -0.01310503044     -0.03436757869     0.001082933722    -0.006471793448                  0              -0.35
 "BF"                             11.69        1.862855798        5.592607962        6.234635556       0.4579374684       0.5992326933       -2.599818557        5.725067332        0.132014811     -0.01055702824      0.05190606971   -0.0003102257981     -0.00501347444                  0              -0.35
 "D1"                             11.77       0.7404665067        3.439451054        6.251507649        0.244125827         1.43872018       -4.198714438        5.746297579       0.1949910894    -0.004147929861      0.05190606971   -0.0009292642086     -0.00501347444                  0              -0.35
 "BD"                             11.95       0.1489288021      -0.5247113739        6.469896545      -0.1203671821        1.859066679        3.241528288        5.768734003       0.2037682786   -0.0005096076376     -0.02289535246    -0.001584503818     0.000758969936                  0              -0.35
 "D3"                             12.24        2.329088716       -4.352758534        6.607050997      -0.6536404311        0.198499923        0.478112311        5.900129923      0.01074867021     -0.01073080688     -0.02289535246    -0.001245675973     0.000758969936                  0              -0.35
 "BF"                             12.41        1.821847437        5.458863086         6.62368002      -0.5912405798       0.6483728727       -2.767708831         6.07187472      -0.1178774981    -0.006945227519      0.04898399164     -0.00173679455    -0.004799746259                  0              -0.35
 "D1"                             12.49       0.7270760364        3.360264274        6.640882414      -0.3902584467        1.535175952       -4.416499319        6.091619206      -0.1953467114   -0.0008990703422      0.04898399164    -0.002329233412    -0.004799746259                  0              -0.35
 "BD"                             12.67        0.153652662      -0.5444998645        6.859523559     -0.04912938096        1.954842425        3.416826542        6.112847553      -0.2333331056     0.003810845225     -0.01168555158    -0.002213207377     0.005349690931                  0              -0.35
 "D3"                             12.96        2.321594353         -4.3121642         6.99390649       0.4379108271       0.1965118735       0.5232313539        6.240815571      -0.0758720144    -0.001403727945     -0.01168555158     0.000174044487     0.005349690931                  0              -0.35
 "BF"                             13.13        1.819366542        5.435909811        7.010542663       0.4302023066       0.6226711849       -2.713034599         6.41861506     -0.01272097405   -0.0001222608936      0.02054232942     0.001878195865     0.008831625527                  0              -0.35
 "D1"                             13.21       0.7343368097        3.365995744        7.027554246       0.2894997195        1.494725851       -4.366966367         6.43899641      0.00895324589     0.002407523116      0.02054232942     0.002965808889     0.008831625527                  0              -0.35
 "BD"                             13.39       0.1519259117      -0.5408224702        7.245829721       0.1313811244        1.991861923        3.446780624        6.460309888      0.04936524064   -0.0001772564629     -0.04105780948     0.003508804829     -0.00552435723                  0              -0.35
 "D3"                             13.68         2.35186531       -4.360408333        7.381052486      0.08625361962       0.2024163947       0.5555871958        6.584659726      0.08134357804     -0.01853267533     -0.04105780948     0.001039070272     -0.00552435723                  0              -0.35
 "BF"                             13.85        1.815319283        5.513725693        7.397666169     -0.01026152858       0.6105260157       -2.615646911        6.764712402       0.1533915779     -0.01465646096      0.06765227772  -7.963107862e-005    -0.003661305257                  0              -0.35
 "D1"                             13.93       0.7064535426        3.349641763        7.415285094     -0.07980302929        1.454623754       -4.205166366         6.78567502       0.2176092223    -0.006284423735      0.06765227772   -0.0005327212768    -0.003661305257                  0              -0.35
 "BD"                             14.11       0.1533824734       -0.608026052         7.64387169      -0.2597749762        1.830713262        3.220474675         6.80817069       0.2156120441     0.001235642938    -0.007744505827    -0.001105908384  -9.170184275e-005                  0              -0.35
 "D3"                              14.4         2.47459358       -4.593580686        7.772814095      -0.6488728117       0.1934694902       0.4489491608        6.943094579    -0.007266566317    -0.002219843434    -0.007744505827    -0.001146824419  -9.170184275e-005                  0              -0.35
 "BF"                             14.57        1.933827984        5.795808662        7.788441556      -0.5144920226       0.6636287754       -2.862959032        7.113502725       -0.167423845    0.0003080600529      0.02521990859    -0.001888748921    -0.006070851347                  0              -0.35
 "D1"                             14.65       0.7760931882        3.589166905        7.804498631       -0.292516257        1.579274184       -4.570130237        7.132704045      -0.2695130482     0.003414523558      0.02521990859     -0.00263652634    -0.006070851347                  0              -0.35
 "BD"                             14.83       0.1434793333      -0.5161287586        8.025842717       0.1685726894         2.06930748        3.597229389        7.153057995      -0.3168725728     0.002790601946     -0.03013107398    -0.002717944039     0.005580233809                  0              -0.35
 "D3"                             15.12        2.374633409       -4.468446996        8.164978656       0.9969842709       0.1998321354       0.5880113591        7.275310078     -0.09017265613     -0.01066745642     -0.03013107398   -0.0002255299841     0.005580233809                  0              -0.35
 "BF"                             15.29        1.870049614        5.579135516        8.181231445       0.8517426115       0.5942715133       -2.595881498         7.46051609      0.01374342355    -0.008450122621      0.04541027107     0.001378289593     0.007661387148                  0              -0.35
 "D1"                             15.37         0.75064461        3.448986778        8.197921807        0.499393569        1.433260246       -4.202924423          7.4818659      0.05790562952    -0.002847085931      0.04541027107     0.002323605097     0.007661387148                  0              -0.35
 "BD"                             15.55       0.1491495048      -0.4938388216        8.411343241     -0.07961681264        1.874435577        3.245007839        7.504264594       0.1151044656   -0.0005968830723      -0.0274453957     0.002855119011    -0.004170946951                  0              -0.35
 "D3"                             15.84        2.260273792       -4.225232537        8.551353273      -0.8730154545       0.2029007988       0.4979546696        7.633158003       0.1064842253     -0.01285293464      -0.0274453957    0.0009925355203    -0.004170946951                  0              -0.35
 "BF"                             16.01        1.766834909        5.296464757        8.568504757      -0.8221347453       0.6365563943       -2.700113764        7.804832062       0.1638537053    -0.008988003954      0.05405221565    0.0004188396031   -0.0005727826106                  0              -0.35
 "D1"                             16.09       0.7037696717        3.251491619        8.586293098      -0.5589170961        1.502176054       -4.308685042        7.824988605       0.2248697932    -0.002312299244      0.05405221565    0.0003480982371   -0.0005727826106                  0              -0.35
 "BD"                             16.27       0.1583991561      -0.5657470168         8.80465037      -0.1575065391        1.897604214        3.338028701        7.846756696         0.21551026     0.003191126019     -0.01039830529    1.63547275e-005    -0.001518284083                  0              -0.35
 "D3"                             16.56        2.323829401       -4.285927777        8.936230813       0.3254281954       0.1927251357       0.4827341021        7.978855061     -0.02112492332    -0.001448724284     -0.01039830529   -0.0006611220984    -0.001518284083                  0              -0.35
 "BF"                             16.73        1.809365072        5.435821473         8.95290266       0.3742364383       0.6454678862       -2.809179549        8.153945472      -0.1999493098    0.0001744430512      0.02162270783    -0.001623940535    -0.006490543044                  0              -0.35
 "D1"                             16.81         0.72565561        3.354289729        8.970063615       0.2827653434         1.54640562       -4.505850482        8.173619335      -0.3180289272     0.002837306012      0.02162270783    -0.002423258863    -0.006490543044                  0              -0.35
 "BD"                             16.99       0.1522862382      -0.5722191972        9.193059648       0.2522244641        2.049607319        3.558381713        8.194273329       -0.373706169     0.000706154009     -0.03848571061    -0.002662870468     0.005062055559                  0              -0.35
 "D3"                             17.28        2.419698059       -4.483058053        9.325418164       0.4822794025       0.2003396212       0.5788615586        8.317161792     -0.09723098761     -0.01649509386     -0.03848571061   -0.0004003769086     0.005062055559                  0              -0.35
 "BF"                             17.45        1.869054811        5.675584653        9.341547681        0.312183745       0.6005086709       -2.603377271        8.501450128      0.03915908406     -0.01315193212      0.06144312759    0.0009643184109      0.00615129343                  0              -0.35
 "D1"                             17.53       0.7295353387        3.458815445        9.358584539       0.1036650893        1.442317703       -4.204847031        8.522661014        0.101527742    -0.005555343421      0.06144312759     0.001724840343      0.00615129343                  0              -0.35
 "BD"                             17.71       0.1482017368      -0.5839428934        9.587036772      -0.3288995935        1.844675455        3.215117291        8.545158636        0.165037637    0.0003782141867      -0.0141479551     0.002207911314    -0.002865115005                  0              -0.35
 "D2"                             17.76       0.2917227946       -1.280484482        9.647395857      -0.4650205373        1.386295381        2.742238047        8.552819471       0.1571863056   -0.0007103585223      -0.0141479551     0.001987463484    -0.002865115005                  0              -0.35
 "RFC"                            17.95        1.815109716        -3.92734252        9.713237341      -0.9822801237       0.3081137379       0.9452969162        8.626640852       0.1273512463    -0.004846934817      -0.0141479551     0.001149761729    -0.002865115005                  0              -0.35
 "D2"                                18        2.473371249       -4.623884109         9.71902087       -1.118401068       0.1990297886       0.4724176714        8.676925013       0.1194999149    -0.005935507526      -0.0141479551    0.0009293138994    -0.002865115005                  0              -0.35
 "BF"                             18.17        1.939980711        5.800280561        9.734635687      -0.9349517789        0.649149838       -2.774609889        8.847101359       0.1594225112    -0.002752868692       0.0361319116    0.0005767054936   -6.72820342e-005                  0              -0.35
 "D1"                             18.25        0.778603867        3.592203091        9.750675407      -0.5603923576        1.536796937       -4.426371407        8.866793925       0.2129539032     0.001701022369       0.0361319116    0.0005684118042   -6.72820342e-005                  0              -0.35
 "BD"                             18.43       0.1439586578      -0.4942416224        9.968576861       0.1422311553        1.983861853        3.456181214        8.887855477       0.1981057513     0.003681997934     -0.02045504655    0.0002653355122    -0.001848432463                  0              -0.35
 "D3"                             18.72        2.311254538       -4.356254948        10.10960746        1.273745508       0.1985109914        0.543439794        9.013804103     -0.03246571467    -0.005448658939     -0.02045504655   -0.0005597617336    -0.001848432463                  0              -0.35
 "BF"                             18.89         1.83068616        5.425243509         10.1262359        1.137408519       0.6129238416       -2.664443782        9.193366107       -0.214336913    -0.003896923146      0.03117018741    -0.001488224323    -0.005848610581                  0              -0.35
 "D1"                             18.97       0.7441550573        3.372052842        10.14310978       0.7091758685        1.470295537       -4.292881455        9.214086092      -0.3372773646  -5.601791044e-005      0.03117018741    -0.002208911648    -0.005848610581                  0              -0.35
 "BD"                             19.15       0.1528402145      -0.4866898729        10.35252866      0.04552528441        1.937549748        3.372946964        9.235845123      -0.3930131314   -0.0008039741531     -0.03708365452    -0.002397618064     0.004677278864                  0              -0.35
 "D3"                             19.44        2.216111678       -4.115199228        10.49250228      -0.7621290714        0.198573554       0.5180982534        9.363893737      -0.0903329743     -0.01737641185     -0.03708365452   -0.0003073733579     0.004677278864                  0              -0.35
 "BF"                             19.61        1.716402402        5.189128966        10.51010007      -0.7780149886        0.630563455       -2.701213236         9.54143974      0.07011786943     -0.01317590665      0.06592888126     0.001021390719     0.006231612067                  0              -0.35
 "D1"                             19.69       0.6733028242        3.155183084        10.52864778      -0.5674586971        1.500440943       -4.329177453        9.561739903       0.1486021651    -0.005019139724      0.06592888126     0.001792370088     0.006231612067                  0              -0.35
 "BD"                             19.87       0.1627966844      -0.6263771498        10.75321889       -0.314309142        1.885319136         3.31557526        9.583574564       0.2118356827     0.002563268017    -0.005567889729     0.002244080884    -0.003076468161                  0              -0.35
 "D3"                             20.16        2.424480158       -4.442297716        10.87891532       -0.153465034       0.1929957348       0.4772981117        9.716077024       0.1246597391   7.901362829e-005    -0.005567889729    0.0008714370453    -0.003076468161                  0              -0.35
 "BF"                             20.33        1.876682011        5.667783808        10.89493257     -0.01017218505       0.6473580355       -2.815446217        9.890084191       0.1396232373     0.001906292685      0.01821350415     0.000489726771   -0.0001096863677                  0              -0.35
 "D1"                             20.41       0.7478837247        3.492902536         10.9115151      0.06782281461         1.54970622       -4.513253582        9.909696953       0.1789894802     0.004148835321      0.01821350415    0.0004762216072   -0.0001096863677                  0              -0.35
 "BD"                             20.59       0.1465291539      -0.5809311669        11.14035058       0.3596233998        2.059460891        3.562848884        9.930279763       0.1583135425     0.001629119037     -0.03812010689     0.000236536869    -0.001429203542                  0              -0.35
 "D3"                             20.88        2.503094157       -4.673782215        11.27303963        1.114468329       0.2029241826       0.5911658907        10.05175429     -0.04624346372     -0.01540767786     -0.03812010689   -0.0004022087287    -0.001429203542                  0              -0.35
 "BF"                             21.05        1.947899212        5.881512496         11.2885633       0.8660506987       0.5923600061       -2.563584636        10.23581716      -0.2191155569     -0.01245106197      0.05844448662    -0.001101488615    -0.004315405863                  0              -0.35
 "D1"                             21.13       0.7659953438         3.60504902        11.30482411       0.4454966496        1.421238966       -4.143322034        10.25731789      -0.3385293375    -0.005228479346      0.05844448662    -0.001634787429    -0.004315405863                  0              -0.35
 "BD"                             21.31       0.1422629738      -0.5243540689        11.52831384       -0.334285919         1.82314372        3.182017116        10.28011784      -0.3801262301     -0.00018849116      -0.0182266258    -0.001644115901     0.004086738563                  0              -0.35
 "D3"                              21.6        2.398812237        -4.52736467        11.66685226       -1.605227879       0.1982807608       0.4582735125        10.41326463     -0.06923624732      -0.0083237302      -0.0182266258    0.0001799515634     0.004086738563                  0              -0.35
 "BF"                             21.77        1.895410105        5.630173824         11.6829033       -1.400292574         0.65836041       -2.805617854        10.58244394       0.1084036392    -0.004789152068      0.04260825326     0.001696618121     0.008458763269                  0              -0.35
 "D1"                             21.85       0.7651891063        3.492960083        11.69930387      -0.8743290406        1.555730053       -4.468064971        10.60189359       0.2020291452    0.0004666908755      0.04260825326     0.002740029382     0.008458763269                  0              -0.35
 "BD"                             22.03        0.148983116      -0.4762820027        11.91091769      0.03657047164        1.988272314        3.484194734        10.62279898       0.2630228716     0.003772949147     -0.01637100112     0.003284522893    -0.004816725315                  0              -0.35
 "D3"                             22.32        2.216737135       -4.153803785        12.05257404        1.369603739       0.1945617684       0.5345920196        10.75018038       0.1274562691    -0.003533554428     -0.01637100112     0.001134781379    -0.004816725315                  0              -0.35
 "BF"                             22.49        1.750444317        5.194210437         12.0699338        1.282781527       0.6190756939       -2.711439379        10.93099306       0.1114631324    -0.002110876686      0.02620629877    0.0003229409996    -0.001931925982                  0              -0.35
 "D1"                             22.57       0.7120577992        3.222087956        12.08755784       0.8413380363         1.49175428       -4.373221908        10.95144897       0.1317326901     0.001117152835      0.02620629877   8.497095435e-005    -0.001931925982                  0              -0.35
 "BD"                             22.75         0.15899008      -0.5308612616        12.29905897       0.2163293484         1.98317344        3.434763986        10.97280111      0.09972616186   -0.0006111452195     -0.03988754783   -0.0004775862282    -0.001647389831                  0              -0.35
 "D3"                             23.04        2.258236902       -4.147778528          12.433731      -0.4007610275       0.2018653345       0.5502719344        11.09764615     -0.06646594536     -0.01844078785     -0.03988754783    -0.001213965714    -0.001647389831                  0              -0.35
 "BF"                             23.21        1.729798194        5.282946586         12.4511032      -0.5152424638       0.6132334035       -2.626592757        11.27732187      -0.2240436352     -0.01433778728      0.06803421671    -0.002389978977    -0.007979393923                  0              -0.35
 "D1"                             23.29       0.6693345812        3.191569355        12.46965874       -0.441823584         1.46088226       -4.221101438        11.29819713      -0.3374069037    -0.005917456174      0.06803421671    -0.003377557612    -0.007979393923                  0              -0.35
 "BD"                             23.47       0.1613824207      -0.6728281443        12.70246902      -0.4688941157        1.836909212        3.223238831        11.32063852      -0.3626600854     0.001963780937    -0.005321096899    -0.003286282019     0.008059160129                  0              -0.35
 "D3"                             23.76          2.5549281       -4.691067045         12.8247925      -0.8116541874       0.1949137012       0.4561331835         11.4546542     -0.04776117888   -0.0004105089792    -0.005321096899    0.0003097401903     0.008059160129                  0              -0.35
 "BF"                             23.93        1.978423301        5.977996641        12.83999681      -0.5695285914       0.6585270982       -2.840439069         11.6248921       0.1446415154     0.001752714919      0.02027592058     0.002987017474       0.0142397247                  0              -0.35
 "D1"                             24.01       0.7866573739        3.688708258        12.85575765       -0.268595765        1.567643036       -4.537399384        11.64424942       0.2532505229     0.004250027766      0.02027592058     0.004740873594       0.0142397247                  0              -0.35
 "BD"                             24.19       0.1395622457      -0.5532881523        13.08578069       0.4175241397        2.066522982        3.583175798        11.66471377       0.3204425694     0.002617164277     -0.03313048934     0.005544164035    -0.009279742004                  0              -0.35
 "D3"                             24.48        2.514233751       -4.747981391        13.22232658         1.75973207       0.2014682005       0.5903972502        11.78652527       0.1450415088     -0.01218488139     -0.03313048934     0.001398159322    -0.009279742004                  0              -0.35
 "BF"                             24.65        1.982018061        5.915769732        13.23767347        1.460718991       0.5928547167       -2.579645207        11.97113671       0.1126892276    -0.009910664397      0.04878610509   -0.0006713437208    -0.007792299893                  0              -0.35
 "D1"                             24.73        0.793190863        3.661312145        13.25345963         0.83533193        1.426545883       -4.173658871        11.99257194       0.1260668019    -0.003888801194      0.04878610509    -0.001633178323    -0.007792299893                  0              -0.35
 "BD"                             24.91       0.1409807584      -0.4519455236         13.4665497      -0.2551986769        1.854852142        3.227353736        12.01513067      0.07527116855     -0.00109735729     -0.02650501915    -0.002561519462     0.001776353536                  0              -0.35
 "D3"                              25.2        2.254567427       -4.273568738        13.61241369       -1.895435436       0.1998187365       0.4790704974        12.14620732     -0.09535774112      -0.0129325614     -0.02650501915    -0.001768329819     0.001776353536                  0              -0.35
 "BF"                             25.37        1.784434586        5.290832128         13.6295067       -1.716561238       0.6482734652       -2.756077346        12.31748759       -0.271753611    -0.008777508015      0.05510803271    -0.002243419856    -0.005668525889                  0              -0.35
 "D1"                             25.45        0.719395663        3.269265716         13.6470256       -1.109974623        1.531595331       -4.394246779         12.3372754      -0.4033148959    -0.001970211851      0.05510803271    -0.002943632377    -0.005668525889                  0              -0.35
 "BD"                             25.63       0.1594482411      -0.5118123985        13.85664013      -0.1379001787        1.931998004        3.394627312        12.35866352      -0.4216520974     0.003956209078     -0.00809399404    -0.002711734291     0.006847899135                  0              -0.35
 "D3"                             25.92        2.193371006       -4.045667894        13.99279371        1.139208266       0.1931933304       0.5017533241           12.48906     -0.04201192885    0.0003445620333     -0.00809399404    0.0003438887489     0.006847899135                  0              -0.35
 "BF"                             26.09        1.712263911        5.124693069        14.01043901        1.150349685       0.6350735542       -2.776190084        12.66611695       0.1968739634     0.001550747756      0.01643219812     0.002701837913      0.01280067158                  0              -0.35
 "D1"                             26.17       0.6910989892        3.162761251        14.02851381        0.807649351        1.527122472       -4.465310034        12.68608621       0.3391384852     0.003574211376      0.01643219812     0.004278114748      0.01280067158                  0              -0.35
 "BD"                             26.35       0.1612189888      -0.5995772008        14.24889843       0.4166720376         2.04420704        3.531320168        12.70691708       0.4376217776    0.0002432288545     -0.04276536422     0.005027712638    -0.008308676076                  0              -0.35
 "D2"                              26.4        0.304654182       -1.252846061        14.30572389       0.3954704914        1.538790055        3.023185725        12.71384063       0.3925567708     -0.00305382823     -0.04276536422      0.00438714334    -0.008308676076                  0              -0.35
 "RFC"                            26.59        1.772361188       -3.735267732        14.37131671       0.3149046156       0.3328846026        1.092274844        12.78099183        0.221309745     -0.01558264515     -0.04276536422     0.001952980009    -0.008308676076                  0              -0.35
 "D2"                             26.64        2.401403367       -4.388536592        14.37729369       0.2937030694       0.2036145068        0.584140401        12.82886152       0.1762447382     -0.01887970224     -0.04276536422     0.001312410711    -0.008308676076                  0              -0.35
 "BF"                             26.81        1.828538892        5.622317125        14.39367812      0.05060575153       0.5970624183       -2.569327505        13.01196531      0.09789396637     -0.01516196141      0.06826912892   -0.0004989610956    -0.006553266675                  0              -0.35
 "D1"                             26.89       0.7006108598        3.390381825        14.41131291      -0.1227623357        1.428183238       -4.145270874        13.03336786      0.09051247895    -0.006712441924      0.06826912892    -0.001310044455    -0.006553266675                  0              -0.35
 "BD"                             27.07       0.1523408379      -0.6709053247        14.65051491      -0.5990648457        1.805625483        3.164868986        13.05622277      0.02444850859     0.000685959209    -0.009245265823    -0.002182312745     0.000788443352                  0              -0.35
 "D3"                             27.36        2.647521622       -4.920038882         14.7745586       -1.662723746       0.1960380135       0.4424538341        13.19121915      -0.1268438481    -0.003439272036    -0.009245265823    -0.001830509864     0.000788443352                  0              -0.35
 "BF"                             27.53        2.066579767        6.207846355        14.78917456       -1.327015387       0.6665445503       -2.855059387        13.35936168      -0.3089197015   -0.0004929216837      0.02960979251    -0.002730372792    -0.008249560037                  0              -0.35
 "D1"                             27.61       0.8252792605        3.845618177        14.80424782      -0.7474676285        1.578737989       -4.547089897        13.37853215      -0.4521175554     0.003155441992      0.02960979251    -0.003746840407    -0.008249560037                  0              -0.35
 "BD"                             27.79       0.1344967339      -0.4846767113         15.0277156       0.3936858904        2.049898742        3.566470255        13.39898884      -0.4717450041     0.003907594275     -0.02368094456    -0.003655239063     0.008782769558                  0              -0.35
 "D3"                             28.08        2.403185555       -4.589711507         15.1717442        2.328514914       0.1992659868       0.5776464049        13.52211151     -0.04803977059    -0.006665735466     -0.02368094456     0.000266188916     0.008782769558                  0              -0.35
 "BF"                             28.25        1.923312778        5.654979915        15.18765983        2.028131966       0.5976160001       -2.613366626        13.70586863       0.2172652669    -0.005110496589      0.03440106474     0.003337906378      0.01665667083                  0              -0.35
 "D1"                             28.33       0.7871129623        3.534999256        15.20368393        1.238088292        1.441830938       -4.229748435        13.72708722       0.3759190096   -0.0008691804423      0.03440106474      0.00539151162      0.01665667083                  0              -0.35
 "BD"                             28.51        0.148454406      -0.4141016281        15.40561354     -0.06346988101        1.907688919        3.293315166         13.7492536       0.4967827934   -0.0008920960917     -0.03451649584     0.006307841065     -0.01082802963                  0              -0.35
 "D3"                              28.8        2.104264532       -3.950451028         15.5536723       -1.829132678       0.2042181385       0.5178308501        13.87628664       0.1974732988     -0.01631566817     -0.03451649584     0.001469374952     -0.01082802963                  0              -0.35
 "BF"                             28.97        1.649507228        4.928515436        15.57209173       -1.744900972       0.6271681769       -2.657470152        14.05004209       0.1006125825     -0.01215601973      0.06309710714    -0.001000969901    -0.009487778682                  0              -0.35
 "D1"                             29.05       0.6578251391        3.014306171        15.59120888       -1.183694161        1.481288043        -4.24750908        14.07052145      0.08787099954    -0.004352533226      0.06309710714    -0.002174363678    -0.009487778682                  0              -0.35
 "BD"                             29.23       0.1705629245       -0.602534632        15.80633565      -0.3869788528        1.854499506        3.276673116        14.09268136      0.02052846009     0.002751246623    -0.006559173544    -0.003228095463     0.002446224448                  0              -0.35
 "D3"                             29.52        2.299379705       -4.168188315        15.93255171       0.4555912262       0.1904059474       0.4529218832        14.22785167      -0.1412933993   -0.0001753236159    -0.006559173544    -0.002136639715     0.002446224448                  0              -0.35
 "BF"                             29.69        1.764751276        5.364423867        15.94951678       0.6114916626       0.6622948418       -2.880673088        14.40052623      -0.3412500776     0.001621578298      0.01898972397    -0.002818646351    -0.008115979564                  0              -0.35
 "D1"                             29.77       0.6987722616        3.284900437        15.96721628       0.5120536918        1.584797415       -4.609737453        14.41970466      -0.5017170703     0.003959955591      0.01898972397    -0.003818040674    -0.008115979564                  0              -0.35
 "BD"                             29.95       0.1557795645      -0.6553933791        16.20069079       0.5966606723        2.100714963        3.641477226        14.43985686      -0.5422505616     0.001668156891     -0.03712903988    -0.003680811688     0.009146699262                  0              -0.35
 "D3"                             30.24        2.588273977       -4.769540809        16.32545868        1.266839613       0.2015775188       0.6070758429        14.56036397     -0.06845482013     -0.01492584699     -0.03712903988    0.0004071034186     0.009146699262                  0              -0.35
 "BF"                             30.41        1.989864501        6.073451785        16.34056606       0.8996074165       0.5868445348        -2.55882807        14.74744863       0.2228281086     -0.01207870613      0.05667613066     0.003523268193      0.01647540946                  0              -0.35
 "D1"                             30.49       0.7724744759        3.702344098        16.35658676       0.4009919767        1.416405792       -4.149396441        14.76910614       0.3899809848    -0.005074245779      0.05667613066     0.005559422584      0.01647540946                  0              -0.35
 "BD"                             30.67       0.1387938113      -0.5753091292        16.59058675      -0.6104562758        1.831393878         3.17738728        14.79193395       0.5064054115   -0.0005522721836     -0.02049184748     0.006231420645     -0.01168701232                  0              -0.35
 "D3"                             30.96        2.568837098       -4.862335963          16.725225       -2.414404527       0.2018117689       0.4715680327         14.9232766        0.195590001    -0.009700815808     -0.02049184748     0.001013777766     -0.01168701232                  0              -0.35
 "BF"                             31.13        2.030288582        6.037535781         16.7402185       -2.043865476       0.6504764483       -2.757207332        15.09206139      0.08988897671    -0.006000511517      0.04599143564    -0.002087342271     -0.01395164583                  0              -0.35
 "D1"                             31.21       0.8163497115        3.749494312        16.75557772       -1.229250711         1.53290172       -4.390004136        15.11179299      0.07306896474   -0.0003244901044      0.04599143564    -0.003809181117     -0.01395164583                  0              -0.35
 "BD"                             31.39       0.1395027703       -0.432251446        16.96754646       0.2264217321        1.948404246        3.423159539         15.1330758      0.01434431402     0.003703328665     -0.01399438817    -0.004993644163     0.006091351271                  0              -0.35
 "D3"                             31.68        2.221899179       -4.231737894        17.11568295        2.451666274       0.1930563572        0.509801281        15.26280901      -0.1469924179    -0.002542043389     -0.01399438817    -0.002275214852     0.006091351271                  0              -0.35
 "BF"                             31.85        1.781442081        5.215132798        17.13287101        2.234412137       0.6319294571       -2.762553147         15.4412979      -0.3543589842    -0.001135091793      0.02372470683    -0.001878592389    -0.002783442652                  0              -0.35
 "D1"                             31.93       0.7358735789        3.263061828        17.15005048        1.435698794        1.519621911       -4.444936497        15.46135771      -0.5215288844     0.001786845909      0.02372470683    -0.002221401516    -0.002783442652                  0              -0.35
 "BD"                             32.11       0.1600281308      -0.4651561026        17.35117423       0.2142505652        2.019152768        3.500836156         15.4823371       -0.567431272   -0.0002516913246     -0.03991908407    -0.001624796039      0.00665818156                  0              -0.35
 "D3"                              32.4        2.108580644       -3.877400998        17.49171528       -1.221294736       0.2011524831       0.5657358168        15.60612205      -0.0601041966     -0.01809636616     -0.03991908407     0.001351551934      0.00665818156                  0              -0.35
 "BF"                             32.57        1.620364275        4.927594557        17.51030799       -1.296310332       0.6071105143       -2.615275885        15.78831121       0.2627870019     -0.01422323884      0.06646123488      0.00430389008      0.01753406125                  0              -0.35
 "D1"                             32.65       0.6318465656        2.976055037        17.53005408      -0.9627429654         1.45307161       -4.214948062        15.80937361       0.4476354503    -0.005997272467      0.06646123488     0.006474096494      0.01753406125                  0              -0.35
 "BD"                             32.83       0.1724437333      -0.6971325577        17.75813187      -0.6272013793         1.83976925        3.213262359        15.83190311       0.5370926089     0.001358762952    -0.007856907618     0.006880453636     -0.01402949222                  0              -0.35
 "D3"                             33.12        2.513466036       -4.547618749        17.87682289      -0.5930530468        0.197709443       0.4643976094        15.96470103        0.177091471    -0.002147699691    -0.007856907618    0.0006192255856     -0.01402949222                  0              -0.35
 "BF"                             33.29        1.919307629        5.869706315        17.89240162      -0.2842621675       0.6540377018       -2.806913487        16.13443015      0.03185260167    0.0003508136981      0.02511397989    -0.003368646046     -0.01914098114                  0              -0.35
 "D1"                             33.37       0.7519261156        3.590068991        17.90879289     -0.03023462091        1.552836961       -4.481344334        16.15397055     -0.01578974952      0.00344541882      0.02511397989    -0.005727243868     -0.01914098114                  0              -0.35
 "BD"                             33.55       0.1443147528      -0.6392485717        18.14885012       0.6699781732        2.032311552        3.534057359        16.17471478     -0.09560766842     0.002869549202     -0.02950975846    -0.007092184986      0.01051821696                  0              -0.35
 "D3"                             33.84        2.673666782       -5.011689651        18.27700565        2.233039021          0.1994348       0.5681943656        16.29860298      -0.1899808291     -0.01031166177     -0.02950975846    -0.002393981946      0.01051821696                  0              -0.35
 "BF"                             34.01        2.094134961        6.289042168        18.29147684        1.796382304       0.6034479878       -2.625680283        16.48143862      -0.3776075346    -0.008169255875      0.04428403449   -0.0005002466792     0.005135547053                  0              -0.35
 "D1"                             34.09        0.832649511        3.888888226        18.30644281       0.9928348758        1.450471939       -4.239815447        16.50249762      -0.5401913661    -0.002706048496      0.04428403449    0.0001333125454     0.005135547053                  0              -0.35
 "BD"                             34.27       0.1323936969        -0.45092001        18.52576893      -0.4760227211        1.890904884        3.290254089        16.52466385      -0.5487336925   -0.0007003829918      -0.0282941726     0.001209468696     0.001743002379                  0              -0.35
 "D3"                             34.56        2.357205761       -4.521552305        18.67372185       -2.818019747       0.1995667177       0.4970485097        16.65429944    -0.002577290768     -0.01333595912      -0.0282941726     0.001987856513     0.001743002379                  0              -0.35
 "MRK"                            34.56        2.357205761       -4.521552305        18.67372185       -2.818019747       0.1995667177       0.4970485097        16.65429944    -0.002577290768     -0.01333595912      -0.0282941726     0.001987856513     0.001743002379                  0              -0.35
 "RING$END"                       34.56        2.357205761       -4.521552305        18.67372185       -2.818019747       0.1995667177       0.4970485097        16.65429944    -0.002577290768     -0.01333595912      -0.0282941726     0.001987856513     0.001743002379                  0              -0.35
