@ NAME             %05s "TWISS"
@ TYPE             %05s "TWISS"
@ SEQUENCE         %06s "GANTRY"
@ PARTICLE         %08s "POSITRON"
@ MASS             %le       0.00051099891
@ CHARGE           %le                   1
@ ENERGY           %le                   1
@ PC               %le        0.9999998694
@ GAMMA            %le         1956.951337
@ KBUNCH           %le                   1
@ BCURRENT         %le                   0
@ SIGE             %le                0.03
@ SIGT             %le                   0
@ NPART            %le                   0
@ EX               %le         3.6692e-006
@ EY               %le         3.6692e-006
@ ET               %le                   1
@ LENGTH           %le          15.7538204
@ ALFA             %le                   0
@ ORBIT5           %le                  -0
@ GAMMATR          %le                   0
@ Q1               %le         3.151012584
@ Q2               %le         3.238362959
@ DQ1              %le                   0
@ DQ2              %le                   0
@ DXMAX            %le        0.6784712231
@ DYMAX            %le        0.5160191693
@ XCOMAX           %le                   0
@ YCOMAX           %le                   0
@ BETXMAX          %le         7.030937831
@ BETYMAX          %le         45.69635997
@ XCORMS           %le                   0
@ YCORMS           %le                   0
@ DXRMS            %le         0.262447004
@ DYRMS            %le        0.2260569799
@ DELTAP           %le                   0
@ SYNCH_1          %le                   0
@ SYNCH_2          %le                   0
@ SYNCH_3          %le                   0
@ SYNCH_4          %le                   0
@ SYNCH_5          %le                   0
@ TITLE            %01s " "
@ ORIGIN           %19s "MAD-X 5.00.01 Win32"
@ DATE             %08s "16/11/11"
@ TIME             %08s "10.48.24"
* NAME                                S               BETX               ALFX                MUX                 DX                DPX                  X                 PX               BETY               ALFY                MUY                 DY                DPY                  Y                 PY                  T                 PT               ALFA 
$ %s                                %le                %le                %le                %le                %le                %le                %le                %le                %le                %le                %le                %le                %le                %le                %le                %le                %le                %le 
 "GANTRY$START"                       0         2.38667513                  0                  0                  0                  0                  0                  0        0.243866628                  0                  0       0.1547410613                  0                  0                  0                  0                  0      0.05485930693
 "D2"                     0.02989289456        2.387049536     -0.01252491141     0.001993297335                  0                  0                  0                  0       0.2475308651      -0.1225788653       0.0194121924       0.1547410613                  0                  0                  0                  0                  0      0.05485930693
 "COL"                    0.02989289456        2.387049536     -0.01252491141     0.001993297335                  0                  0                  0                  0       0.2475308651      -0.1225788653       0.0194121924       0.1547410613                  0                  0                  0                  0                  0      0.05485930693
 "BF"                      0.3299464473        1.214058999        3.071391607      0.02729440178     0.009313794739      0.05884914794                  0                  0        0.997474198       -2.872821757       0.1360328027        0.205432348       0.3549789492                  0                  0                  0                  0      0.05485930693
 "COL"                     0.3299464473        1.214058999        3.071391607      0.02729440178     0.009313794739      0.05884914794                  0                  0        0.997474198       -2.872821757       0.1360328027        0.205432348       0.3549789492                  0                  0                  0                  0      0.05485930693
 "D1"                      0.3899464473       0.8764298827        2.555760337      0.03655711239      0.01284474362      0.05884914794                  0                  0        1.375608337       -3.429413889       0.1441885402        0.226731085       0.3549789492                  0                  0                  0                  0      0.05485930693
 "COL"                     0.3899464473       0.8764298827        2.555760337      0.03655711239      0.01284474362      0.05884914794                  0                  0        1.375608337       -3.429413889       0.1441885402        0.226731085       0.3549789492                  0                  0                  0                  0      0.05485930693
 "BD"                              0.69       0.2352601169    6.33378121e-016       0.1666666667      0.04677520975       0.1788403021                  0                  0        2.684622015   5.044236588e-016       0.1666666667       0.2567089217      -0.1656221593                  0                  0                  0                  0      0.05485930693
 "MARK"                            0.69       0.2352601169    6.33378121e-016       0.1666666667      0.04677520975       0.1788403021                  0                  0        2.684622015   5.044236588e-016       0.1666666667       0.2567089217      -0.1656221593                  0                  0                  0                  0      0.05485930693
 "BD"                      0.9900535527       0.8764298827       -2.555760337       0.2967762209       0.1313172311       0.4133928394                  0                  0        1.375608337        3.429413889       0.1891447932       0.1371260096       -0.589730423                  0                  0                  0                  0      0.05485930693
 "COL"                     0.9900535527       0.8764298827       -2.555760337       0.2967762209       0.1313172311       0.4133928394                  0                  0        1.375608337        3.429413889       0.1891447932       0.1371260096       -0.589730423                  0                  0                  0                  0      0.05485930693
 "D1"                       1.050053553        1.214058999       -3.071391607       0.3060389316       0.1561208014       0.4133928394                  0                  0        0.997474198        2.872821757       0.1973005306       0.1017421842       -0.589730423                  0                  0                  0                  0      0.05485930693
 "COL"                      1.050053553        1.214058999       -3.071391607       0.3060389316       0.1561208014       0.4133928394                  0                  0        0.997474198        2.872821757       0.1973005306       0.1017421842       -0.589730423                  0                  0                  0                  0      0.05485930693
 "BF"                       1.350107105        2.387049536      0.01252491141        0.331340036       0.2304331324      0.05614911238                  0                  0       0.2475308651       0.1225788653       0.3139211409     -0.06094377489      -0.5495204127                  0                  0                  0                  0      0.05485930693
 "COL"                      1.350107105        2.387049536      0.01252491141        0.331340036       0.2304331324      0.05614911238                  0                  0       0.2475308651       0.1225788653       0.3139211409     -0.06094377489      -0.5495204127                  0                  0                  0                  0      0.05485930693
 "D2"                              1.38         2.38667513  -8.938691232e-016       0.3333333333       0.2321115919      0.05614911238                  0                  0        0.243866628   3.504054889e-016       0.3333333333     -0.07737053064      -0.5495204127                  0                  0                  0                  0      0.05485930693
 "D2"                       1.409892895        2.387049536     -0.01252491141       0.3353266307       0.2337900514      0.05614911238                  0                  0       0.2475308651      -0.1225788653       0.3527455257      -0.0937972864      -0.5495204127                  0                  0                  0                  0      0.05485930693
 "COL"                      1.409892895        2.387049536     -0.01252491141       0.3353266307       0.2337900514      0.05614911238                  0                  0       0.2475308651      -0.1225788653       0.3527455257      -0.0937972864      -0.5495204127                  0                  0                  0                  0      0.05485930693
 "BF"                       1.709946447        1.214058999        3.071391607       0.3606277351       0.1887429059      -0.3407791915                  0                  0        0.997474198       -2.872821757       0.4693661361      -0.3071745323      -0.9447093722                  0                  0                  0                  0      0.05485930693
 "COL"                      1.709946447        1.214058999        3.071391607       0.3606277351       0.1887429059      -0.3407791915                  0                  0        0.997474198       -2.872821757       0.4693661361      -0.3071745323      -0.9447093722                  0                  0                  0                  0      0.05485930693
 "D1"                       1.769946447       0.8764298827        2.555760337       0.3698904457       0.1682961544      -0.3407791915                  0                  0        1.375608337       -3.429413889       0.4775218735      -0.3638570946      -0.9447093722                  0                  0                  0                  0      0.05485930693
 "COL"                      1.769946447       0.8764298827        2.555760337       0.3698904457       0.1682961544      -0.3407791915                  0                  0        1.375608337       -3.429413889       0.4775218735      -0.3638570946      -0.9447093722                  0                  0                  0                  0      0.05485930693
 "BD"                              2.07       0.2352601169                 -0                0.5       0.1196494988  -2.850913949e-013                  0                  0        2.684622015  -1.614155708e-016                0.5      -0.5134178434   1.487698853e-013                  0                  0                  0                  0      0.05485930693
 "MARK"                            2.07       0.2352601169                 -0                0.5       0.1196494988  -2.850913949e-013                  0                  0        2.684622015  -1.614155708e-016                0.5      -0.5134178434   1.487698853e-013                  0                  0                  0                  0      0.05485930693
 "BD"                       2.370053553       0.8764298827       -2.555760337       0.6301095543       0.1682961544       0.3407791915                  0                  0        1.375608337        3.429413889       0.5224781265      -0.3638570946       0.9447093722                  0                  0                  0                  0      0.05485930693
 "COL"                      2.370053553       0.8764298827       -2.555760337       0.6301095543       0.1682961544       0.3407791915                  0                  0        1.375608337        3.429413889       0.5224781265      -0.3638570946       0.9447093722                  0                  0                  0                  0      0.05485930693
 "D1"                       2.430053553        1.214058999       -3.071391607       0.6393722649       0.1887429059       0.3407791915                  0                  0        0.997474198        2.872821757       0.5306338639      -0.3071745323       0.9447093722                  0                  0                  0                  0      0.05485930693
 "COL"                      2.430053553        1.214058999       -3.071391607       0.6393722649       0.1887429059       0.3407791915                  0                  0        0.997474198        2.872821757       0.5306338639      -0.3071745323       0.9447093722                  0                  0                  0                  0      0.05485930693
 "BF"                       2.730107105        2.387049536      0.01252491141       0.6646733693       0.2337900514     -0.05614911238                  0                  0       0.2475308651       0.1225788653       0.6472544743     -0.09379728639       0.5495204127                  0                  0                  0                  0      0.05485930693
 "COL"                      2.730107105        2.387049536      0.01252491141       0.6646733693       0.2337900514     -0.05614911238                  0                  0       0.2475308651       0.1225788653       0.6472544743     -0.09379728639       0.5495204127                  0                  0                  0                  0      0.05485930693
 "D2"                              2.76         2.38667513   1.655474685e-015       0.6666666667       0.2321115919     -0.05614911238                  0                  0        0.243866628  -2.943406107e-016       0.6666666667     -0.07737053064       0.5495204127                  0                  0                  0                  0      0.05485930693
 "D2"                       2.789892895        2.387049536     -0.01252491141        0.668659964       0.2304331324     -0.05614911238                  0                  0       0.2475308651      -0.1225788653       0.6860788591     -0.06094377488       0.5495204127                  0                  0                  0                  0      0.05485930693
 "COL"                      2.789892895        2.387049536     -0.01252491141        0.668659964       0.2304331324     -0.05614911238                  0                  0       0.2475308651      -0.1225788653       0.6860788591     -0.06094377488       0.5495204127                  0                  0                  0                  0      0.05485930693
 "BF"                       3.089946447        1.214058999        3.071391607       0.6939610684       0.1561208014      -0.4133928394                  0                  0        0.997474198       -2.872821757       0.8026994694       0.1017421842        0.589730423                  0                  0                  0                  0      0.05485930693
 "COL"                      3.089946447        1.214058999        3.071391607       0.6939610684       0.1561208014      -0.4133928394                  0                  0        0.997474198       -2.872821757       0.8026994694       0.1017421842        0.589730423                  0                  0                  0                  0      0.05485930693
 "D1"                       3.149946447       0.8764298827        2.555760337       0.7032237791       0.1313172311      -0.4133928394                  0                  0        1.375608337       -3.429413889       0.8108552068       0.1371260096        0.589730423                  0                  0                  0                  0      0.05485930693
 "COL"                      3.149946447       0.8764298827        2.555760337       0.7032237791       0.1313172311      -0.4133928394                  0                  0        1.375608337       -3.429413889       0.8108552068       0.1371260096        0.589730423                  0                  0                  0                  0      0.05485930693
 "BD"                              3.45       0.2352601169  -1.393431866e-015       0.8333333333      0.04677520975      -0.1788403021                  0                  0        2.684622015  -6.658392297e-016       0.8333333333       0.2567089217       0.1656221593                  0                  0                  0                  0      0.05485930693
 "MARK"                            3.45       0.2352601169  -1.393431866e-015       0.8333333333      0.04677520975      -0.1788403021                  0                  0        2.684622015  -6.658392297e-016       0.8333333333       0.2567089217       0.1656221593                  0                  0                  0                  0      0.05485930693
 "BD"                       3.750053553       0.8764298827       -2.555760337       0.9634428876      0.01284474362     -0.05884914794                  0                  0        1.375608337        3.429413889       0.8558114598        0.226731085      -0.3549789492                  0                  0                  0                  0      0.05485930693
 "COL"                      3.750053553       0.8764298827       -2.555760337       0.9634428876      0.01284474362     -0.05884914794                  0                  0        1.375608337        3.429413889       0.8558114598        0.226731085      -0.3549789492                  0                  0                  0                  0      0.05485930693
 "D1"                       3.810053553        1.214058999       -3.071391607       0.9727055982     0.009313794739     -0.05884914794                  0                  0        0.997474198        2.872821757       0.8639671973        0.205432348      -0.3549789492                  0                  0                  0                  0      0.05485930693
 "COL"                      3.810053553        1.214058999       -3.071391607       0.9727055982     0.009313794739     -0.05884914794                  0                  0        0.997474198        2.872821757       0.8639671973        0.205432348      -0.3549789492                  0                  0                  0                  0      0.05485930693
 "BF"                       4.110107105        2.387049536      0.01252491141       0.9980067027  -5.353356647e-015   1.790512183e-013                  0                  0       0.2475308651       0.1225788653       0.9805878076       0.1547410613  -9.870992912e-013                  0                  0                  0                  0      0.05485930693
 "COL"                      4.110107105        2.387049536      0.01252491141       0.9980067027  -5.353356647e-015   1.790512183e-013                  0                  0       0.2475308651       0.1225788653       0.9805878076       0.1547410613  -9.870992912e-013                  0                  0                  0                  0      0.05485930693
 "D2"                              4.14         2.38667513  -1.075549839e-015                  1  -9.974580837e-019   1.790512183e-013                  0                  0        0.243866628   1.177362443e-015                  1       0.1547410613  -9.870992912e-013                  0                  0                  0                  0      0.05485930693
 "D2"                       4.169892895        2.387049536     -0.01252491141        1.001993297   5.351361731e-015   1.790512183e-013                  0                  0       0.2475308651      -0.1225788653        1.019412192       0.1547410613  -9.870992912e-013                  0                  0                  0                  0      0.05485930693
 "COL"                      4.169892895        2.387049536     -0.01252491141        1.001993297   5.351361731e-015   1.790512183e-013                  0                  0       0.2475308651      -0.1225788653        1.019412192       0.1547410613  -9.870992912e-013                  0                  0                  0                  0      0.05485930693
 "SF"                       4.469892895        1.212180252        3.072758581        1.027323058   5.202660225e-014   1.156653624e-013                  0                  0       0.9997686518       -2.888866906        1.135871745       0.2059075666       0.3587712512                  0                  0                  0                  0      0.05485930693
 "COL"                      4.469892895        1.212180252        3.072758581        1.027323058   5.202660225e-014   1.156653624e-013                  0                  0       0.9997686518       -2.888866906        1.135871745       0.2059075666       0.3587712512                  0                  0                  0                  0      0.05485930693
 "D1"                       4.529892895       0.8744599927        2.555912413        1.036603399   5.896652399e-014   1.156653624e-013                  0                  0        1.380084453        -3.44972978        1.144004877       0.2274338417       0.3587712512                  0                  0                  0                  0      0.05485930693
 "COL"                      4.529892895       0.8744599927        2.555912413        1.036603399   5.896652399e-014   1.156653624e-013                  0                  0        1.380084453        -3.44972978        1.144004877       0.2274338417       0.3587712512                  0                  0                  0                  0      0.05485930693
 "SD"                       4.829892895        0.235282387    -0.005835381749        1.167130244   1.163929246e-013   2.865823183e-013                  0                  0        2.694933898     0.003626134989        1.166377807       0.2580095847      -0.1654786596                  0                  0                  0                  0      0.05485930693
 "MARK"                     4.829892895        0.235282387    -0.005835381749        1.167130244   1.163929246e-013   2.865823183e-013                  0                  0        2.694933898     0.003626134989        1.166377807       0.2580095847      -0.1654786596                  0                  0                  0                  0      0.05485930693
 "SD"                       5.129892895       0.8847046907       -2.585114123        1.296669669   2.490736789e-013   6.427903233e-013                  0                  0        1.377308878        3.449752045        1.188773419       0.1380064976      -0.5931523793                  0                  0                  0                  0      0.05485930693
 "COL"                      5.129892895       0.8847046907       -2.585114123        1.296669669   2.490736789e-013   6.427903233e-013                  0                  0        1.377308878        3.449752045        1.188773419       0.1380064976      -0.5931523793                  0                  0                  0                  0      0.05485930693
 "D1"                       5.189892895        1.226180946       -3.106156801        1.305843177   2.876410983e-013   6.427903233e-013                  0                  0       0.9970586222        2.887752219        1.196925815       0.1024173549      -0.5931523793                  0                  0                  0                  0      0.05485930693
 "COL"                      5.189892895        1.226180946       -3.106156801        1.305843177   2.876410983e-013   6.427903233e-013                  0                  0       0.9970586222        2.887752219        1.196925815       0.1024173549      -0.5931523793                  0                  0                  0                  0      0.05485930693
 "SF"                       5.489892895        2.411680288      0.01823455177        1.330896678   3.752635195e-013  -8.952524964e-014                  0                  0       0.2458119429       0.1197258356        1.314080391     -0.06087485042      -0.5518261267                  0                  0                  0                  0      0.05485930693
 "COL"                      5.489892895        2.411680288      0.01823455177        1.330896678   3.752635195e-013  -8.952524964e-014                  0                  0       0.2458119429       0.1197258356        1.314080391     -0.06087485042      -0.5518261267                  0                  0                  0                  0      0.05485930693
 "D2"                       5.519785789        2.410960768     0.005835381749        1.332869756   3.725873507e-013  -8.952524964e-014                  0                  0       0.2423413868    -0.003626134989        1.333622193     -0.07737053064      -0.5518261267                  0                  0                  0                  0      0.05485930693
 "D2"                       5.549678684        2.410982542    -0.006563788267         1.33484312   3.699111818e-013  -8.952524964e-014                  0                  0       0.2462455256      -0.1269781056        1.353146696     -0.09386621086      -0.5518261267                  0                  0                  0                  0      0.05485930693
 "COL"                      5.549678684        2.410982542    -0.006563788267         1.33484312   3.699111818e-013  -8.952524964e-014                  0                  0       0.2462455256      -0.1269781056        1.353146696     -0.09386621086      -0.5518261267                  0                  0                  0                  0      0.05485930693
 "SF"                       5.849678684        1.221418406        3.105073786        1.359949488   2.356140045e-013  -7.584533456e-013                  0                  0        1.004241655       -2.907520132        1.469659301      -0.3083249214      -0.9519236305                  0                  0                  0                  0      0.05485930693
 "COL"                      5.849678684        1.221418406        3.105073786        1.359949488   2.356140045e-013  -7.584533456e-013                  0                  0        1.004241655       -2.907520132        1.469659301      -0.3083249214      -0.9519236305                  0                  0                  0                  0      0.05485930693
 "D1"                       5.909678684       0.8801741841        2.582329909        1.369164534   1.901068038e-013  -7.584533456e-013                  0                  0        1.387033547        -3.47234474        1.477753913      -0.3654403393      -0.9519236305                  0                  0                  0                  0      0.05485930693
 "COL"                      5.909678684       0.8801741841        2.582329909        1.369164534   1.901068038e-013  -7.584533456e-013                  0                  0        1.387033547        -3.47234474        1.477753913      -0.3654403393      -0.9519236305                  0                  0                  0                  0      0.05485930693
 "SD"                       6.209678684       0.2329123846  -2.182165607e-014                1.5   3.115975238e-019   -5.73162335e-013                  0                  0        2.711895195    -1.4007522e-016                1.5      -0.5160191693   2.771116669e-013                  0                  0                  0                  0      0.05485930693
 "MARK"                     6.209678684       0.2329123846  -2.182165607e-014                1.5   3.115975238e-019   -5.73162335e-013                  0                  0        2.711895195    -1.4007522e-016                1.5      -0.5160191693   2.771116669e-013                  0                  0                  0                  0      0.05485930693
 "SD"                       6.509678684       0.8801741841       -2.582329909        1.630835466  -1.901059791e-013  -7.584519345e-013                  0                  0        1.387033547         3.47234474        1.522246087      -0.3654403393       0.9519236305                  0                  0                  0                  0      0.05485930693
 "COL"                      6.509678684       0.8801741841       -2.582329909        1.630835466  -1.901059791e-013  -7.584519345e-013                  0                  0        1.387033547         3.47234474        1.522246087      -0.3654403393       0.9519236305                  0                  0                  0                  0      0.05485930693
 "D1"                       6.569678684        1.221418406       -3.105073786        1.640050512  -2.356130952e-013  -7.584519345e-013                  0                  0        1.004241655        2.907520132        1.530340699      -0.3083249214       0.9519236305                  0                  0                  0                  0      0.05485930693
 "COL"                      6.569678684        1.221418406       -3.105073786        1.640050512  -2.356130952e-013  -7.584519345e-013                  0                  0        1.004241655        2.907520132        1.530340699      -0.3083249214       0.9519236305                  0                  0                  0                  0      0.05485930693
 "SF"                       6.869678684        2.410982542     0.006563788267         1.66515688  -3.699101629e-013  -8.952596865e-014                  0                  0       0.2462455256       0.1269781056        1.646853304     -0.09386621086       0.5518261267                  0                  0                  0                  0      0.05485930693
 "COL"                      6.869678684        2.410982542     0.006563788267         1.66515688  -3.699101629e-013  -8.952596865e-014                  0                  0       0.2462455256       0.1269781056        1.646853304     -0.09386621086       0.5518261267                  0                  0                  0                  0      0.05485930693
 "D2"                       6.899571578        2.410960768    -0.005835381749        1.667130244  -3.725863532e-013  -8.952596865e-014                  0                  0       0.2423413868     0.003626134989        1.666377807     -0.07737053064       0.5518261267                  0                  0                  0                  0      0.05485930693
 "D2"                       6.929464473        2.411680288     -0.01823455177        1.669103322  -3.752625436e-013  -8.952596865e-014                  0                  0       0.2458119429      -0.1197258356        1.685919609     -0.06087485042       0.5518261267                  0                  0                  0                  0      0.05485930693
 "COL"                      6.929464473        2.411680288     -0.01823455177        1.669103322  -3.752625436e-013  -8.952596865e-014                  0                  0       0.2458119429      -0.1197258356        1.685919609     -0.06087485042       0.5518261267                  0                  0                  0                  0      0.05485930693
 "SF"                       7.229464473        1.226180946        3.106156801        1.694156823  -2.876406068e-013   6.427879832e-013                  0                  0       0.9970586222       -2.887752219        1.803074185       0.1024173549       0.5931523793                  0                  0                  0                  0      0.05485930693
 "COL"                      7.229464473        1.226180946        3.106156801        1.694156823  -2.876406068e-013   6.427879832e-013                  0                  0       0.9970586222       -2.887752219        1.803074185       0.1024173549       0.5931523793                  0                  0                  0                  0      0.05485930693
 "D1"                       7.289464473       0.8847046907        2.585114123        1.703330331  -2.490733278e-013   6.427879832e-013                  0                  0        1.377308878       -3.449752045        1.811226581       0.1380064976       0.5931523793                  0                  0                  0                  0      0.05485930693
 "COL"                      7.289464473       0.8847046907        2.585114123        1.703330331  -2.490733278e-013   6.427879832e-013                  0                  0        1.377308878       -3.449752045        1.811226581       0.1380064976       0.5931523793                  0                  0                  0                  0      0.05485930693
 "SD"                       7.589464473        0.235282387     0.005835381749        1.832869756  -1.163932362e-013   2.865800167e-013                  0                  0        2.694933898    -0.003626134989        1.833622193       0.2580095847       0.1654786596                  0                  0                  0                  0      0.05485930693
 "MARK"                     7.589464473        0.235282387     0.005835381749        1.832869756  -1.163932362e-013   2.865800167e-013                  0                  0        2.694933898    -0.003626134989        1.833622193       0.2580095847       0.1654786596                  0                  0                  0                  0      0.05485930693
 "SD"                       7.889464473       0.8744599927       -2.555912413        1.963396601  -5.896769973e-014   1.156616111e-013                  0                  0        1.380084453         3.44972978        1.855995123       0.2274338417      -0.3587712512                  0                  0                  0                  0      0.05485930693
 "COL"                      7.889464473       0.8744599927       -2.555912413        1.963396601  -5.896769973e-014   1.156616111e-013                  0                  0        1.380084453         3.44972978        1.855995123       0.2274338417      -0.3587712512                  0                  0                  0                  0      0.05485930693
 "D1"                       7.949464473        1.212180252       -3.072758581        1.972676942  -5.202800306e-014   1.156616111e-013                  0                  0       0.9997686518        2.888866906        1.864128255       0.2059075666      -0.3587712512                  0                  0                  0                  0      0.05485930693
 "COL"                      7.949464473        1.212180252       -3.072758581        1.972676942  -5.202800306e-014   1.156616111e-013                  0                  0       0.9997686518        2.888866906        1.864128255       0.2059075666      -0.3587712512                  0                  0                  0                  0      0.05485930693
 "SF"                       8.249464473        2.387049536      0.01252491141        1.998006703  -5.353356646e-015   1.790512183e-013                  0                  0       0.2475308651       0.1225788653        1.980587808       0.1547410613  -8.609779556e-013                  0                  0                  0                  0      0.05485930693
 "COL"                      8.249464473        2.387049536      0.01252491141        1.998006703  -5.353356646e-015   1.790512183e-013                  0                  0       0.2475308651       0.1225788653        1.980587808       0.1547410613  -8.609779556e-013                  0                  0                  0                  0      0.05485930693
 "D2"                       8.279357367         2.38667513  -4.105402805e-014                  2  -9.974567348e-019   1.790512183e-013                  0                  0        0.243866628  -5.326163431e-016                  2       0.1547410613  -8.609779556e-013                  0                  0                  0                  0      0.05485930693
 "D2"                       8.309250262        2.387049536     -0.01252491141        2.001993297   5.351361732e-015   1.790512183e-013                  0                  0       0.2475308651      -0.1225788653        2.019412192       0.1547410613  -8.609779556e-013                  0                  0                  0                  0      0.05485930693
 "COL"                      8.309250262        2.387049536     -0.01252491141        2.001993297   5.351361732e-015   1.790512183e-013                  0                  0       0.2475308651      -0.1225788653        2.019412192       0.1547410613  -8.609779556e-013                  0                  0                  0                  0      0.05485930693
 "RF"                       8.609732719        1.229721673         3.05900167        2.027062456     -0.02792522586      -0.1774145171                  0                  0        0.979062935       -2.745416515        2.137342678       0.2015956881       0.3246959982                  0                  0                  0                  0      0.05485930693
 "COL"                      8.609732719        1.229721673         3.05900167        2.027062456     -0.02792522586      -0.1774145171                  0                  0        0.979062935       -2.745416515        2.137342678       0.2015956881       0.3246959982                  0                  0                  0                  0      0.05485930693
 "D1"                       8.669732719       0.8929629419        2.553643843        2.036180231     -0.03857009689      -0.1774145171                  0                  0        1.339904487       -3.268609348        2.145683868        0.221077448       0.3246959982                  0                  0                  0                  0      0.05485930693
 "COL"                      8.669732719       0.8929629419        2.553643843        2.036180231     -0.03857009689      -0.1774145171                  0                  0        1.339904487       -3.268609348        2.145683868        0.221077448       0.3246959982                  0                  0                  0                  0      0.05485930693
 "RD"                       8.970215175       0.2355041315      0.04790890287        2.162804484      -0.1389231335      -0.5260478583                  0                  0        2.602900819     -0.02997374775        2.169030565       0.2462411572      -0.1667901978                  0                  0                  0                  0      0.05485930693
 "MARK"                     8.970215175       0.2355041315      0.04790890287        2.162804484      -0.1389231335      -0.5260478583                  0                  0        2.602900819     -0.02997374775        2.169030565       0.2462411572      -0.1667901978                  0                  0                  0                  0      0.05485930693
 "RD"                       9.270697632       0.8116018462       -2.327517249        2.297593557      -0.3831924912       -1.186250129                  0                  0        1.363236441        3.267620491        2.192175175       0.1300205429      -0.5625104401                  0                  0                  0                  0      0.05485930693
 "COL"                      9.270697632       0.8116018462       -2.327517249        2.297593557      -0.3831924912       -1.186250129                  0                  0        1.363236441        3.267620491        2.192175175       0.1300205429      -0.5625104401                  0                  0                  0                  0      0.05485930693
 "D1"                       9.330697632        1.119369119       -2.801937304        2.307618928      -0.4543674989       -1.186250129                  0                  0        1.001959213        2.753666639        2.200349497      0.09626991649      -0.5625104401                  0                  0                  0                  0      0.05485930693
 "COL"                      9.330697632        1.119369119       -2.801937304        2.307618928      -0.4543674989       -1.186250129                  0                  0        1.001959213        2.753666639        2.200349497      0.09626991649      -0.5625104401                  0                  0                  0                  0      0.05485930693
 "RF"                       9.631180089        2.196823514     -0.03428558106        2.335030986      -0.6681796403      -0.1721409541                  0                  0       0.2622454726       0.1464052476        2.312601733     -0.06150248058      -0.5308301621                  0                  0                  0                  0      0.05485930693
 "COL"                      9.631180089        2.196823514     -0.03428558106        2.335030986      -0.6681796403      -0.1721409541                  0                  0       0.2622454726       0.1464052476        2.312601733     -0.06150248058      -0.5308301621                  0                  0                  0                  0      0.05485930693
 "D2"                       9.661072983        2.199280545     -0.04790890287        2.337195516      -0.6733254317      -0.1721409541                  0                  0       0.2569729939      0.02997374775        2.330969435     -0.07737053064      -0.5308301621                  0                  0                  0                  0      0.05485930693
 "D2"                       9.690965878        2.202552057     -0.06153222468        2.339357229      -0.6784712231      -0.1721409541                  0                  0       0.2586614642      -0.0864577521        2.349464524      -0.0932385807      -0.5308301621                  0                  0                  0                  0      0.05485930693
 "COL"                      9.690965878        2.202552057     -0.06153222468        2.339357229      -0.6784712231      -0.1721409541                  0                  0       0.2586614642      -0.0864577521        2.349464524      -0.0932385807      -0.5308301621                  0                  0                  0                  0      0.05485930693
 "RF"                       9.991448335        1.158672185        2.809375658        2.366260394      -0.5541757701       0.9618147021                  0                  0       0.9439714043       -2.600322258         2.46685195      -0.2978656046      -0.8872064384                  0                  0                  0                  0      0.05485930693
 "COL"                      9.991448335        1.158672185        2.809375658        2.366260394      -0.5541757701       0.9618147021                  0                  0       0.9439714043       -2.600322258         2.46685195      -0.2978656046      -0.8872064384                  0                  0                  0                  0      0.05485930693
 "D1"                       10.05144833       0.8491764304        2.348886917          2.3758933       -0.496466888       0.9618147021                  0                  0        1.285610583       -3.093664057        2.475524607      -0.3510979909      -0.8872064384                  0                  0                  0                  0      0.05485930693
 "COL"                      10.05144833       0.8491764304        2.348886917          2.3758933       -0.496466888       0.9618147021                  0                  0        1.285610583       -3.093664057        2.475524607      -0.3510979909      -0.8872064384                  0                  0                  0                  0      0.05485930693
 "RD"                       10.35193079       0.2555707843   2.235019947e-013                2.5      -0.3592583757   9.041933868e-013                  0                  0         2.47014535   1.632159492e-013                2.5      -0.4924823143  -1.859623566e-013                  0                  0                  0                  0      0.05485930693
 "MARK"                     10.35193079       0.2555707843   2.235019947e-013                2.5      -0.3592583757   9.041933868e-013                  0                  0         2.47014535   1.632159492e-013                2.5      -0.4924823143  -1.859623566e-013                  0                  0                  0                  0      0.05485930693
 "RD"                       10.65241325       0.8491764304       -2.348886917          2.6241067       -0.496466888      -0.9618147021                  0                  0        1.285610583        3.093664057        2.524475393      -0.3510979909       0.8872064384                  0                  0                  0                  0      0.05485930693
 "COL"                      10.65241325       0.8491764304       -2.348886917          2.6241067       -0.496466888      -0.9618147021                  0                  0        1.285610583        3.093664057        2.524475393      -0.3510979909       0.8872064384                  0                  0                  0                  0      0.05485930693
 "D1"                       10.71241325        1.158672185       -2.809375658        2.633739606      -0.5541757701      -0.9618147021                  0                  0       0.9439714043        2.600322258         2.53314805      -0.2978656046       0.8872064384                  0                  0                  0                  0      0.05485930693
 "COL"                      10.71241325        1.158672185       -2.809375658        2.633739606      -0.5541757701      -0.9618147021                  0                  0       0.9439714043        2.600322258         2.53314805      -0.2978656046       0.8872064384                  0                  0                  0                  0      0.05485930693
 "RF"                        11.0128957        2.202552057      0.06153222468        2.660642771      -0.6784712231       0.1721409541                  0                  0       0.2586614642       0.0864577521        2.650535476      -0.0932385807       0.5308301621                  0                  0                  0                  0      0.05485930693
 "COL"                       11.0128957        2.202552057      0.06153222468        2.660642771      -0.6784712231       0.1721409541                  0                  0       0.2586614642       0.0864577521        2.650535476      -0.0932385807       0.5308301621                  0                  0                  0                  0      0.05485930693
 "D2"                        11.0427886        2.199280545      0.04790890287        2.662804484      -0.6733254317       0.1721409541                  0                  0       0.2569729939     -0.02997374775        2.669030565     -0.07737053064       0.5308301621                  0                  0                  0                  0      0.05485930693
 "D2"                       11.07268149        2.196823514      0.03428558106        2.664969014      -0.6681796403       0.1721409541                  0                  0       0.2622454726      -0.1464052476        2.687398267     -0.06150248058       0.5308301621                  0                  0                  0                  0      0.05485930693
 "COL"                      11.07268149        2.196823514      0.03428558106        2.664969014      -0.6681796403       0.1721409541                  0                  0       0.2622454726      -0.1464052476        2.687398267     -0.06150248058       0.5308301621                  0                  0                  0                  0      0.05485930693
 "RF"                       11.37316395        1.119369119        2.801937304        2.692381072      -0.4543674989        1.186250129                  0                  0        1.001959213       -2.753666639        2.799650503      0.09626991649       0.5625104401                  0                  0                  0                  0      0.05485930693
 "COL"                      11.37316395        1.119369119        2.801937304        2.692381072      -0.4543674989        1.186250129                  0                  0        1.001959213       -2.753666639        2.799650503      0.09626991649       0.5625104401                  0                  0                  0                  0      0.05485930693
 "D1"                       11.43316395       0.8116018462        2.327517249        2.702406443      -0.3831924912        1.186250129                  0                  0        1.363236441       -3.267620491        2.807824825       0.1300205429       0.5625104401                  0                  0                  0                  0      0.05485930693
 "COL"                      11.43316395       0.8116018462        2.327517249        2.702406443      -0.3831924912        1.186250129                  0                  0        1.363236441       -3.267620491        2.807824825       0.1300205429       0.5625104401                  0                  0                  0                  0      0.05485930693
 "RD"                       11.73364641       0.2355041315     -0.04790890287        2.837195516      -0.1389231335       0.5260478583                  0                  0        2.602900819      0.02997374775        2.830969435       0.2462411572       0.1667901978                  0                  0                  0                  0      0.05485930693
 "MARK"                     11.73364641       0.2355041315     -0.04790890287        2.837195516      -0.1389231335       0.5260478583                  0                  0        2.602900819      0.02997374775        2.830969435       0.2462411572       0.1667901978                  0                  0                  0                  0      0.05485930693
 "RD"                       12.03412886       0.8929629419       -2.553643843        2.963819769     -0.03857009688       0.1774145171                  0                  0        1.339904487        3.268609348        2.854316132        0.221077448      -0.3246959982                  0                  0                  0                  0      0.05485930693
 "COL"                      12.03412886       0.8929629419       -2.553643843        2.963819769     -0.03857009688       0.1774145171                  0                  0        1.339904487        3.268609348        2.854316132        0.221077448      -0.3246959982                  0                  0                  0                  0      0.05485930693
 "D1"                       12.09412886        1.229721673        -3.05900167        2.972937544     -0.02792522586       0.1774145171                  0                  0        0.979062935        2.745416515        2.862657322       0.2015956881      -0.3246959982                  0                  0                  0                  0      0.05485930693
 "COL"                      12.09412886        1.229721673        -3.05900167        2.972937544     -0.02792522586       0.1774145171                  0                  0        0.979062935        2.745416515        2.862657322       0.2015956881      -0.3246959982                  0                  0                  0                  0      0.05485930693
 "RF"                       12.39461132        2.387049536      0.01252491141        2.998006703   2.394959231e-014  -7.711609129e-013                  0                  0       0.2475308651       0.1225788653        2.980587808       0.1547410613   2.044364678e-012                  0                  0                  0                  0      0.05485930693
 "COL"                      12.39461132        2.387049536      0.01252491141        2.998006703   2.394959231e-014  -7.711609129e-013                  0                  0       0.2475308651       0.1225788653        2.980587808       0.1547410613   2.044364678e-012                  0                  0                  0                  0      0.05485930693
 "D2"                       12.42450422         2.38667513   4.881760841e-013                  3   8.973604536e-016  -7.711609129e-013                  0                  0        0.243866628   3.262275101e-013                  3       0.1547410613   2.044364678e-012                  0                  0                  0                  0      0.05485930693
 "D4"                        15.7538204        7.030937831       -1.394959937        3.151012584  -2.566541151e-012  -7.711609129e-013                  0                  0        45.69635997       -13.65220086        3.238362959       0.1547410613   2.044364678e-012                  0                  0                  0                  0      0.05485930693
 "GANTRY$END"                15.7538204        7.030937831       -1.394959937        3.151012584  -2.566541151e-012  -7.711609129e-013                  0                  0        45.69635997       -13.65220086        3.238362959       0.1547410613   2.044364678e-012                  0                  0                  0                  0      0.05485930693
