@ NAME             %05s "TWISS"
@ TYPE             %05s "TWISS"
@ SEQUENCE         %09s "TEST_LINE"
@ PARTICLE         %06s "PROTON"
@ MASS             %le      0.938272
@ CHARGE           %le      1.000000
@ ENERGY           %le      0.941000
@ PC               %le      0.071600
@ GAMMA            %le      1.002907
@ KBUNCH           %le      1.000000
@ BCURRENT         %le      0.000000
@ SIGE             %le      0.000000
@ SIGT             %le      0.000000
@ NPART            %le      0.000000
@ EX               %le      1.000000
@ EY               %le      1.000000
@ ET               %le      1.000000
@ LENGTH           %le      0.300670
@ ALFA             %le      0.000000
@ ORBIT5           %le     -0.000000
@ GAMMATR          %le      0.000000
@ Q1               %le      0.046096
@ Q2               %le      0.047778
@ DQ1              %le      0.000000
@ DQ2              %le      0.000000
@ DXMAX            %le      0.261099
@ DYMAX            %le      0.000000
@ XCOMAX           %le      0.000000
@ YCOMAX           %le      0.000000
@ BETXMAX          %le      1.088808
@ BETYMAX          %le      1.040000
@ XCORMS           %le      0.000000
@ YCORMS           %le      0.000000
@ DXRMS            %le      0.150745
@ DYRMS            %le      0.000000
@ DELTAP           %le      0.000000
@ SYNCH_1          %le      0.000000
@ SYNCH_2          %le      0.000000
@ SYNCH_3          %le      0.000000
@ SYNCH_4          %le      0.000000
@ SYNCH_5          %le      0.000000
@ TITLE            %08s "no-title"
@ ORIGIN           %20s "MAD-X 5.00.00 Darwin"
@ DATE             %08s "17/08/11"
@ TIME             %08s "16.44.45"
* NAME                          S         BETX         ALFX         BETY         ALFY           DX          DPX 
$ %s                          %le          %le          %le          %le          %le          %le          %le 
 "TEST_LINE$START"       0.000000     1.000000     0.000000     1.000000     0.000000     0.000000     0.000000
 "DR0"                   0.100000     1.010000    -0.100000     1.010000    -0.100000     0.000000     0.000000
 "GAP"                   0.100000     1.010000    -0.100000     1.010000    -0.100000     0.000000     0.000000
 "DR0"                   0.200000     1.040000    -0.200000     1.040000    -0.200000     0.000000     0.000000
 "BEND"                  0.300670     1.088808    -0.298007     0.925320     1.246801     0.261099     5.328180
 "TEST_LINE$END"         0.300670     1.088808    -0.298007     0.925320     1.246801     0.261099     5.328180

