warng: (1) files differ at line 6065 and char-columns 9|9
warng: (1) strings: '236"                '|'14"                 '
warng: (2) files differ at line 6069 and char-columns 9|9
warng: (2) strings: '14"                 '|'236"                '
warng: (3) files differ at line 6071 and char-columns 9|9
warng: (3) strings: '13"                 '|'237"                '
warng: (4) files differ at line 6073 and char-columns 9|9
warng: (4) strings: '3"                  '|'238"                '
warng: (5) files differ at line 6077 and char-columns 9|9
warng: (5) strings: '4"                  '|'239"                '
warng: (6) files differ at line 6079 and char-columns 9|9
warng: (6) strings: '3"                  '|'238"                '
warng: (7) files differ at line 6081 and char-columns 9|9
warng: (7) strings: '237"                '|'12"                 '
warng: (8) files differ at line 6083 and char-columns 10|10
warng: (8) strings: '38"                1'|'40"                1'
warng: (9) files differ at line 6086 and char-columns 9|9
warng: (9) strings: '239"                '|'105"                '
warng: (10) files differ at line 6090 and char-columns 9|9
warng: (10) strings: '8"                  '|'241"                '
warng: (11) files differ at line 6092 and char-columns 9|9
warng: (11) strings: '240"                '|'8"                  '
warng: (12) files differ at line 6100 and char-columns 9|9
warng: (12) strings: '8"                  '|'241"                '
warng: (13) files differ at line 6102 and char-columns 9|9
warng: (13) strings: '240"                '|'8"                  '
warng: (14) files differ at line 6106 and char-columns 9|9
warng: (14) strings: '241"                '|'6"                  '
warng: (15) files differ at line 6108 and char-columns 9|9
warng: (15) strings: '242"                '|'5"                  '
warng: (16) files differ at line 6110 and char-columns 9|9
warng: (16) strings: '243"                '|'3"                  '
warng: (17) files differ at line 6114 and char-columns 9|9
warng: (17) strings: '244"                '|'4"                  '
warng: (18) files differ at line 6116 and char-columns 9|9
warng: (18) strings: '243"                '|'3"                  '
warng: (19) files differ at line 6118 and char-columns 9|9
warng: (19) strings: '107"                '|'242"                '
warng: (20) files differ at line 6121 and char-columns 11|11
warng: (20) strings: '5"                13'|'3"                13'
warng: (21) files differ at line 6123 and char-columns 11|11
warng: (21) strings: '6"                13'|'4"                13'
warng: (22) files differ at line 6125 and char-columns 9|9
warng: (22) strings: '247"                '|'0"                  '
warng: (23) files differ at line 6130 and char-columns 10|10
warng: (23) strings: '"                  1'|'45"                1'
warng: (24) files differ at line 6142 and char-columns 9|9
warng: (24) strings: '241"                '|'6"                  '
warng: (25) files differ at line 6144 and char-columns 9|9
warng: (25) strings: '248"                '|'7"                  '
warng: (26) files differ at line 6148 and char-columns 9|9
warng: (26) strings: '8"                  '|'241"                '
warng: (27) files differ at line 6150 and char-columns 9|9
warng: (27) strings: '248"                '|'7"                  '
warng: (28) files differ at line 6152 and char-columns 9|9
warng: (28) strings: '249"                '|'9"                  '
warng: (29) files differ at line 6154 and char-columns 9|9
warng: (29) strings: '248"                '|'7"                  '
warng: (30) files differ at line 6158 and char-columns 9|9
warng: (30) strings: '8"                  '|'241"                '
warng: (31) files differ at line 6160 and char-columns 9|9
warng: (31) strings: '248"                '|'7"                  '
warng: (32) files differ at line 6167 and char-columns 9|9
warng: (32) strings: '237"                '|'12"                 '
warng: (33) files differ at line 6169 and char-columns 9|9
warng: (33) strings: '3"                  '|'238"                '
warng: (34) files differ at line 6171 and char-columns 9|9
warng: (34) strings: '4"                  '|'239"                '
warng: (35) files differ at line 6175 and char-columns 9|9
warng: (35) strings: '3"                  '|'238"                '
warng: (36) files differ at line 6177 and char-columns 9|9
warng: (36) strings: '13"                 '|'237"                '
warng: (37) files differ at line 6179 and char-columns 9|9
warng: (37) strings: '14"                 '|'236"                '
warng: (38) files differ at line 6185 and char-columns 9|9
warng: (38) strings: '236"                '|'14"                 '
warng: (39) files differ at line 6193 and char-columns 9|9
warng: (39) strings: '250"                '|'17"                 '
warng: (40) files differ at line 6211 and char-columns 10|10
warng: (40) strings: '51"                1'|'46"                1'
warng: (41) files differ at line 6213 and char-columns 10|10
warng: (41) strings: '52"                1'|'47"                1'
warng: (42) files differ at line 6235 and char-columns 10|10
warng: (42) strings: '53"                1'|'48"                1'
warng: (43) files differ at line 6237 and char-columns 10|10
warng: (43) strings: '54"                1'|'49"                1'
warng: (44) files differ at line 6258 and char-columns 11|11
warng: (44) strings: '5"                13'|'0"                13'
warng: (45) files differ at line 6512 and char-columns 11|11
warng: (45) strings: '5"                14'|'0"                14'
warng: (46) files differ at line 6602 and char-columns 11|11
warng: (46) strings: '6"                14'|'1"                14'
warng: (47) files differ at line 6608 and char-columns 11|11
warng: (47) strings: '7"                14'|'2"                14'
warng: (48) files differ at line 6658 and char-columns 11|11
warng: (48) strings: '8"                14'|'3"                14'
warng: (49) files differ at line 6676 and char-columns 11|11
warng: (49) strings: '9"                14'|'4"                14'
warng: (50) files differ at line 6710 and char-columns 10|10
warng: (50) strings: '60"                1'|'55"                1'
warng: (51) files differ at line 6734 and char-columns 11|11
warng: (51) strings: '7"                14'|'2"                14'
warng: (52) files differ at line 6748 and char-columns 11|11
warng: (52) strings: '6"                14'|'1"                14'
warng: (53) files differ at line 6826 and char-columns 11|11
warng: (53) strings: '9"                14'|'4"                14'
warng: (54) files differ at line 6838 and char-columns 11|11
warng: (54) strings: '8"                14'|'3"                14'
warng: (55) files differ at line 6862 and char-columns 11|11
warng: (55) strings: '8"                14'|'3"                14'
warng: (56) files differ at line 6874 and char-columns 10|10
warng: (56) strings: '61"                1'|'56"                1'
warng: (57) files differ at line 6898 and char-columns 10|10
warng: (57) strings: '62"                1'|'57"                1'
warng: (58) files differ at line 6902 and char-columns 11|11
warng: (58) strings: '6"                15'|'1"                15'
warng: (59) files differ at line 7002 and char-columns 11|11
warng: (59) strings: '6"                15'|'1"                15'
warng: (60) files differ at line 7076 and char-columns 11|11
warng: (60) strings: '9"                15'|'4"                15'
warng: (61) files differ at line 7106 and char-columns 11|11
warng: (61) strings: '7"                15'|'2"                15'
warng: (62) files differ at line 7150 and char-columns 11|11
warng: (62) strings: '6"                15'|'1"                15'
warng: (63) files differ at line 7258 and char-columns 11|11
warng: (63) strings: '5"                15'|'0"                15'
warng: (64) files differ at line 7308 and char-columns 11|11
warng: (64) strings: '5"                15'|'0"                15'
warng: (65) files differ at line 7358 and char-columns 11|11
warng: (65) strings: '5"                15'|'0"                15'
warng: (66) files differ at line 7498 and char-columns 11|11
warng: (66) strings: '5"                16'|'0"                16'
warng: (67) files differ at line 7516 and char-columns 11|11
warng: (67) strings: '5"                16'|'0"                16'
warng: (68) numdigit error [rule #3] rel = 1e-11 [|abs_err|=1e-13, |rel_err|=1.6e-10, ndig=14]
warng: (68) files differ at line 7530 column 5 between char-columns 101|101 and 116|116
warng: (68) numbers: '0.0006289195511'|'0.0006289195512'
warng: (69) files differ at line 7539 and char-columns 10|10
warng: (69) strings: '63"                1'|'58"                1'
warng: (70) files differ at line 7541 and char-columns 10|10
warng: (70) strings: '64"                1'|'59"                1'
warng: (71) files differ at line 7543 and char-columns 11|11
warng: (71) strings: '5"                16'|'0"                16'
warng: (72) files differ at line 7549 and char-columns 11|11
warng: (72) strings: '6"                16'|'1"                16'
warng: (73) files differ at line 7551 and char-columns 11|11
warng: (73) strings: '7"                16'|'2"                16'
warng: (74) files differ at line 7553 and char-columns 11|11
warng: (74) strings: '8"                16'|'3"                16'
warng: (75) files differ at line 7555 and char-columns 11|11
warng: (75) strings: '7"                16'|'2"                16'
warng: (76) files differ at line 7557 and char-columns 11|11
warng: (76) strings: '8"                16'|'3"                16'
warng: (77) files differ at line 7559 and char-columns 11|11
warng: (77) strings: '7"                16'|'2"                16'
warng: (78) files differ at line 7561 and char-columns 11|11
warng: (78) strings: '8"                16'|'3"                16'
warng: (79) files differ at line 7563 and char-columns 11|11
warng: (79) strings: '7"                16'|'2"                16'
warng: (80) files differ at line 7565 and char-columns 11|11
warng: (80) strings: '9"                16'|'4"                16'
warng: (81) files differ at line 7567 and char-columns 10|10
warng: (81) strings: '70"                1'|'65"                1'
warng: (82) files differ at line 7569 and char-columns 11|11
warng: (82) strings: '9"                16'|'4"                16'
warng: (83) files differ at line 7571 and char-columns 10|10
warng: (83) strings: '70"                1'|'65"                1'
warng: (84) files differ at line 7573 and char-columns 11|11
warng: (84) strings: '9"                16'|'4"                16'
warng: (85) files differ at line 7575 and char-columns 11|11
warng: (85) strings: '7"                16'|'2"                16'
warng: (86) files differ at line 7577 and char-columns 10|10
warng: (86) strings: '71"                1'|'66"                1'
warng: (87) files differ at line 7583 and char-columns 11|11
warng: (87) strings: '5"                16'|'0"                16'
warng: (88) files differ at line 7587 and char-columns 10|10
warng: (88) strings: '72"                1'|'67"                1'
warng: (89) files differ at line 7589 and char-columns 10|10
warng: (89) strings: '73"                1'|'68"                1'
warng: (90) files differ at line 7591 and char-columns 10|10
warng: (90) strings: '74"                1'|'69"                1'
warng: (91) files differ at line 7593 and char-columns 10|10
warng: (91) strings: '74"                1'|'69"                1'
warng: (92) files differ at line 7595 and char-columns 10|10
warng: (92) strings: '74"                1'|'69"                1'
warng: (93) files differ at line 7597 and char-columns 10|10
warng: (93) strings: '74"                1'|'69"                1'
warng: (94) files differ at line 7599 and char-columns 10|10
warng: (94) strings: '74"                1'|'69"                1'
warng: (95) files differ at line 7601 and char-columns 10|10
warng: (95) strings: '74"                1'|'69"                1'
warng: (96) files differ at line 7603 and char-columns 10|10
warng: (96) strings: '74"                1'|'69"                1'
warng: (97) files differ at line 7605 and char-columns 10|10
warng: (97) strings: '74"                1'|'69"                1'
warng: (98) files differ at line 7607 and char-columns 10|10
warng: (98) strings: '74"                1'|'69"                1'
warng: (99) files differ at line 7609 and char-columns 10|10
warng: (99) strings: '74"                1'|'69"                1'
warng: (100) files differ at line 7611 and char-columns 10|10
warng: (100) strings: '74"                1'|'69"                1'
warng: (101) files differ at line 7613 and char-columns 10|10
warng: (101) strings: '74"                1'|'69"                1'
warng: (102) files differ at line 7615 and char-columns 10|10
warng: (102) strings: '74"                1'|'69"                1'
warng: (103) files differ at line 7617 and char-columns 10|10
warng: (103) strings: '74"                1'|'69"                1'
warng: (104) files differ at line 7619 and char-columns 11|11
warng: (104) strings: '5"                16'|'0"                16'
warng: (105) files differ at line 7621 and char-columns 11|11
warng: (105) strings: '6"                16'|'1"                16'
warng: (106) files differ at line 7623 and char-columns 10|10
warng: (106) strings: '64"                1'|'59"                1'
warng: (107) files differ at line 7625 and char-columns 11|11
warng: (107) strings: '5"                16'|'0"                16'
warng: (108) files differ at line 7631 and char-columns 11|11
warng: (108) strings: '7"                16'|'2"                16'
warng: (109) files differ at line 7637 and char-columns 11|11
warng: (109) strings: '5"                16'|'0"                16'
warng: (110) files differ at line 7641 and char-columns 11|11
warng: (110) strings: '8"                16'|'3"                16'
warng: (111) files differ at line 7654 and char-columns 11|11
warng: (111) strings: '9"                16'|'4"                16'
warng: (112) files differ at line 7658 and char-columns 10|10
warng: (112) strings: '80"                1'|'75"                1'
warng: (113) files differ at line 7666 and char-columns 10|10
warng: (113) strings: '81"                1'|'76"                1'
warng: (114) files differ at line 7676 and char-columns 10|10
warng: (114) strings: '82"                 '|'77"                 '
warng: (115) files differ at line 7678 and char-columns 10|10
warng: (115) strings: '83"                1'|'78"                1'
warng: (116) files differ at line 7692 and char-columns 10|10
warng: (116) strings: '84"                1'|'79"                1'
warng: (117) files differ at line 7694 and char-columns 11|11
warng: (117) strings: '5"                17'|'0"                17'
warng: (118) files differ at line 7706 and char-columns 11|11
warng: (118) strings: '6"                17'|'1"                17'
warng: (119) files differ at line 7716 and char-columns 11|11
warng: (119) strings: '7"                17'|'2"                17'
warng: (120) files differ at line 7746 and char-columns 11|11
warng: (120) strings: '8"                17'|'3"                17'
warng: (121) files differ at line 7756 and char-columns 11|11
warng: (121) strings: '9"                17'|'4"                17'
warng: (122) files differ at line 7758 and char-columns 11|11
warng: (122) strings: '9"                17'|'4"                17'
warng: (123) files differ at line 7766 and char-columns 10|10
warng: (123) strings: '90"                1'|'85"                1'
warng: (124) files differ at line 7770 and char-columns 11|11
warng: (124) strings: '9"                17'|'4"                17'
warng: (125) files differ at line 7816 and char-columns 10|10
warng: (125) strings: '91"                1'|'86"                1'
warng: (126) files differ at line 7866 and char-columns 10|10
warng: (126) strings: '91"                1'|'86"                1'
warng: (127) files differ at line 7888 and char-columns 10|10
warng: (127) strings: '92"                1'|'87"                1'
warng: (128) files differ at line 7904 and char-columns 10|10
warng: (128) strings: '93"                1'|'88"                1'
warng: (129) files differ at line 7938 and char-columns 10|10
warng: (129) strings: '92"                1'|'87"                1'
warng: (130) files differ at line 7974 and char-columns 10|10
warng: (130) strings: '81"                1'|'76"                1'
warng: (131) files differ at line 7980 and char-columns 11|11
warng: (131) strings: '9"                 1'|'4"                 1'
warng: (132) files differ at line 7984 and char-columns 11|11
warng: (132) strings: '9"                 1'|'4"                 1'
warng: (133) files differ at line 7988 and char-columns 10|10
warng: (133) strings: '92"                 '|'87"                 '
warng: (134) files differ at line 8004 and char-columns 10|10
warng: (134) strings: '93"                1'|'88"                1'
warng: (135) files differ at line 8024 and char-columns 10|10
warng: (135) strings: '93"                 '|'88"                 '
warng: (136) files differ at line 8042 and char-columns 10|10
warng: (136) strings: '91"                1'|'86"                1'
warng: (137) files differ at line 8048 and char-columns 11|11
warng: (137) strings: '8"                17'|'3"                17'
warng: (138) files differ at line 8050 and char-columns 11|11
warng: (138) strings: '9"                17'|'4"                17'
warng: (139) files differ at line 8054 and char-columns 10|10
warng: (139) strings: '93"                1'|'88"                1'
warng: (140) files differ at line 8058 and char-columns 11|11
warng: (140) strings: '9"                17'|'4"                17'
warng: (141) files differ at line 8062 and char-columns 10|10
warng: (141) strings: '92"                1'|'87"                1'
warng: (142) files differ at line 8080 and char-columns 11|11
warng: (142) strings: '9"                17'|'4"                17'
warng: (143) files differ at line 8100 and char-columns 11|11
warng: (143) strings: '9"                17'|'4"                17'
warng: (144) files differ at line 8104 and char-columns 10|10
warng: (144) strings: '94"                1'|'89"                1'
warng: (145) files differ at line 8116 and char-columns 10|10
warng: (145) strings: '91"                1'|'86"                1'
warng: (146) files differ at line 8120 and char-columns 11|11
warng: (146) strings: '9"                17'|'4"                17'
warng: (147) files differ at line 8134 and char-columns 11|11
warng: (147) strings: '9"                  '|'4"                  '
warng: (148) files differ at line 8138 and char-columns 10|10
warng: (148) strings: '92"                 '|'87"                 '
warng: (149) files differ at line 8154 and char-columns 10|10
warng: (149) strings: '60"                1'|'55"                1'
warng: (150) files differ at line 8174 and char-columns 10|10
warng: (150) strings: '93"                1'|'88"                1'
warng: (151) files differ at line 8178 and char-columns 11|11
warng: (151) strings: '8"                18'|'3"                18'
warng: (152) files differ at line 8192 and char-columns 10|10
warng: (152) strings: '91"                1'|'86"                1'
warng: (153) files differ at line 8198 and char-columns 11|11
warng: (153) strings: '8"                18'|'3"                18'
warng: (154) files differ at line 8200 and char-columns 11|11
warng: (154) strings: '9"                18'|'4"                18'
warng: (155) files differ at line 8208 and char-columns 11|11
warng: (155) strings: '9"                18'|'4"                18'
warng: (156) files differ at line 8212 and char-columns 10|10
warng: (156) strings: '92"                1'|'87"                1'
warng: (157) files differ at line 8218 and char-columns 10|10
warng: (157) strings: '61"                1'|'56"                1'
warng: (158) files differ at line 8232 and char-columns 11|11
warng: (158) strings: '9"                18'|'4"                18'
warng: (159) files differ at line 8252 and char-columns 11|11
warng: (159) strings: '9"                18'|'4"                18'
warng: (160) files differ at line 8268 and char-columns 10|10
warng: (160) strings: '91"                1'|'86"                1'
warng: (161) files differ at line 8270 and char-columns 10|10
warng: (161) strings: '90"                1'|'85"                1'
warng: (162) files differ at line 8274 and char-columns 11|11
warng: (162) strings: '9"                18'|'4"                18'
warng: (163) files differ at line 8294 and char-columns 11|11
warng: (163) strings: '5"                18'|'0"                18'
warng: (164) files differ at line 8298 and char-columns 11|11
warng: (164) strings: '6"                18'|'1"                18'
warng: (165) files differ at line 8302 and char-columns 11|11
warng: (165) strings: '8"                18'|'3"                18'
warng: (166) files differ at line 8304 and char-columns 11|11
warng: (166) strings: '9"                 1'|'4"                 1'
warng: (167) files differ at line 8320 and char-columns 10|10
warng: (167) strings: '91"                1'|'86"                1'
warng: (168) files differ at line 8338 and char-columns 11|11
warng: (168) strings: '9"                18'|'4"                18'
warng: (169) files differ at line 8340 and char-columns 11|11
warng: (169) strings: '9"                18'|'4"                18'
warng: (170) files differ at line 8348 and char-columns 11|11
warng: (170) strings: '7"                  '|'2"                  '
warng: (171) files differ at line 8358 and char-columns 10|10
warng: (171) strings: '93"                1'|'88"                1'
warng: (172) files differ at line 8382 and char-columns 11|11
warng: (172) strings: '8"                18'|'3"                18'
warng: (173) files differ at line 8384 and char-columns 11|11
warng: (173) strings: '9"                18'|'4"                18'
warng: (174) files differ at line 8396 and char-columns 10|10
warng: (174) strings: '91"                1'|'86"                1'
warng: (175) files differ at line 8412 and char-columns 11|11
warng: (175) strings: '9"                18'|'4"                18'
warng: (176) files differ at line 8414 and char-columns 11|11
warng: (176) strings: '9"                18'|'4"                18'
warng: (177) files differ at line 8424 and char-columns 11|11
warng: (177) strings: '9"                18'|'4"                18'
warng: (178) files differ at line 8434 and char-columns 11|11
warng: (178) strings: '9"                18'|'4"                18'
warng: (179) files differ at line 8454 and char-columns 11|11
warng: (179) strings: '9"                18'|'4"                18'
warng: (180) files differ at line 8470 and char-columns 10|10
warng: (180) strings: '91"                 '|'86"                 '
warng: (181) files differ at line 8474 and char-columns 11|11
warng: (181) strings: '9"                 1'|'4"                 1'
warng: (182) files differ at line 8488 and char-columns 11|11
warng: (182) strings: '9"                18'|'4"                18'
warng: (183) files differ at line 8490 and char-columns 11|11
warng: (183) strings: '9"                18'|'4"                18'
warng: (184) files differ at line 8504 and char-columns 11|11
warng: (184) strings: '8"                18'|'3"                18'
warng: (185) files differ at line 8508 and char-columns 10|10
warng: (185) strings: '93"                1'|'88"                1'
warng: (186) files differ at line 8528 and char-columns 10|10
warng: (186) strings: '60"                1'|'55"                1'
warng: (187) files differ at line 8532 and char-columns 11|11
warng: (187) strings: '8"                18'|'3"                18'
warng: (188) files differ at line 8534 and char-columns 11|11
warng: (188) strings: '9"                18'|'4"                18'
warng: (189) files differ at line 8548 and char-columns 11|11
warng: (189) strings: '6"                18'|'1"                18'
warng: (190) files differ at line 8552 and char-columns 11|11
warng: (190) strings: '8"                18'|'3"                18'
warng: (191) files differ at line 8562 and char-columns 11|11
warng: (191) strings: '9"                18'|'4"                18'
warng: (192) files differ at line 8564 and char-columns 11|11
warng: (192) strings: '9"                18'|'4"                18'
warng: (193) files differ at line 8574 and char-columns 11|11
warng: (193) strings: '9"                18'|'4"                18'
warng: (194) files differ at line 8584 and char-columns 11|11
warng: (194) strings: '9"                18'|'4"                18'
warng: (195) files differ at line 8604 and char-columns 11|11
warng: (195) strings: '9"                18'|'4"                18'
warng: (196) files differ at line 8642 and char-columns 10|10
warng: (196) strings: '92"                1'|'87"                1'
warng: (197) files differ at line 8688 and char-columns 11|11
warng: (197) strings: '9"                19'|'4"                19'
warng: (198) files differ at line 8692 and char-columns 10|10
warng: (198) strings: '92"                1'|'87"                1'
warng: (199) files differ at line 8720 and char-columns 10|10
warng: (199) strings: '91"                1'|'86"                1'
warng: (200) files differ at line 8738 and char-columns 11|11
warng: (200) strings: '9"                19'|'4"                19'
warng: (201) files differ at line 8740 and char-columns 11|11
warng: (201) strings: '9"                19'|'4"                19'
warng: (202) files differ at line 8758 and char-columns 10|10
warng: (202) strings: '81"                1'|'76"                1'
warng: (203) files differ at line 8770 and char-columns 10|10
warng: (203) strings: '91"                1'|'86"                1'
warng: (204) files differ at line 8788 and char-columns 11|11
warng: (204) strings: '9"                19'|'4"                19'
warng: (205) files differ at line 8790 and char-columns 11|11
warng: (205) strings: '9"                19'|'4"                19'
warng: (206) files differ at line 8808 and char-columns 10|10
warng: (206) strings: '81"                 '|'76"                 '
warng: (207) files differ at line 8812 and char-columns 9|9
warng: (207) strings: '300"                '|'295"                '
warng: (208) files differ at line 8822 and char-columns 10|10
warng: (208) strings: '91"                1'|'86"                1'
warng: (209) files differ at line 8830 and char-columns 10|10
warng: (209) strings: '93"                1'|'88"                1'
warng: (210) files differ at line 8840 and char-columns 11|11
warng: (210) strings: '9"                19'|'4"                19'
warng: (211) files differ at line 8842 and char-columns 11|11
warng: (211) strings: '9"                19'|'4"                19'
warng: (212) files differ at line 8850 and char-columns 9|9
warng: (212) strings: '301"                '|'296"                '
warng: (213) files differ at line 8864 and char-columns 9|9
warng: (213) strings: '300"                '|'295"                '
warng: (214) files differ at line 8866 and char-columns 9|9
warng: (214) strings: '302"                '|'297"                '
warng: (215) files differ at line 8868 and char-columns 9|9
warng: (215) strings: '303"                '|'298"                '
warng: (216) files differ at line 8872 and char-columns 9|9
warng: (216) strings: '304"                '|'299"                '
warng: (217) files differ at line 8874 and char-columns 10|10
warng: (217) strings: '91"                1'|'86"                1'
warng: (218) files differ at line 8904 and char-columns 11|11
warng: (218) strings: '9"                19'|'4"                19'
warng: (219) files differ at line 8910 and char-columns 11|11
warng: (219) strings: '5"                19'|'0"                19'
warng: (220) files differ at line 8926 and char-columns 11|11
warng: (220) strings: '6"                19'|'1"                19'
warng: (221) files differ at line 8942 and char-columns 9|9
warng: (221) strings: '300"                '|'295"                '
warng: (222) files differ at line 8947 and char-columns 11|11
warng: (222) strings: '6"                  '|'1"                  '
warng: (223) files differ at line 8953 and char-columns 11|11
warng: (223) strings: '7"                19'|'2"                19'
warng: (224) files differ at line 8955 and char-columns 11|11
warng: (224) strings: '8"                19'|'3"                19'
warng: (225) files differ at line 8957 and char-columns 11|11
warng: (225) strings: '9"                19'|'4"                19'
warng: (226) files differ at line 8959 and char-columns 10|10
warng: (226) strings: '10"                1'|'05"                1'
warng: (227) files differ at line 8967 and char-columns 11|11
warng: (227) strings: '7"                19'|'2"                19'
warng: (228) files differ at line 8975 and char-columns 11|11
warng: (228) strings: '7"                19'|'2"                19'
warng: (229) files differ at line 8985 and char-columns 11|11
warng: (229) strings: '7"                19'|'2"                19'
warng: (230) files differ at line 8989 and char-columns 10|10
warng: (230) strings: '11"                1'|'06"                1'
warng: (231) files differ at line 8991 and char-columns 10|10
warng: (231) strings: '12"                 '|'07"                 '
warng: (232) files differ at line 8995 and char-columns 10|10
warng: (232) strings: '13"                 '|'08"                 '
warng: (233) files differ at line 8998 and char-columns 10|10
warng: (233) strings: '14"                 '|'09"                 '
warng: (234) files differ at line 9000 and char-columns 10|10
warng: (234) strings: '14"                 '|'09"                 '
warng: (235) files differ at line 9002 and char-columns 11|11
warng: (235) strings: '5"                 1'|'0"                 1'
warng: (236) files differ at line 9004 and char-columns 11|11
warng: (236) strings: '6"                19'|'1"                19'
warng: (237) files differ at line 9008 and char-columns 11|11
warng: (237) strings: '7"                 1'|'2"                 1'
warng: (238) files differ at line 9010 and char-columns 11|11
warng: (238) strings: '8"                 1'|'3"                 1'
warng: (239) files differ at line 9014 and char-columns 11|11
warng: (239) strings: '9"                 1'|'4"                 1'
warng: (240) files differ at line 9016 and char-columns 10|10
warng: (240) strings: '20"                 '|'15"                 '
warng: (241) files differ at line 9018 and char-columns 10|10
warng: (241) strings: '21"                 '|'16"                 '
warng: (242) files differ at line 9020 and char-columns 10|10
warng: (242) strings: '22"                 '|'17"                 '
warng: (243) files differ at line 9022 and char-columns 10|10
warng: (243) strings: '23"                 '|'18"                 '
warng: (244) files differ at line 9024 and char-columns 10|10
warng: (244) strings: '22"                 '|'17"                 '
warng: (245) files differ at line 9026 and char-columns 10|10
warng: (245) strings: '21"                 '|'16"                 '
warng: (246) files differ at line 9028 and char-columns 10|10
warng: (246) strings: '23"                 '|'18"                 '
warng: (247) files differ at line 9030 and char-columns 10|10
warng: (247) strings: '22"                 '|'17"                 '
warng: (248) files differ at line 9032 and char-columns 10|10
warng: (248) strings: '21"                 '|'16"                 '
warng: (249) files differ at line 9038 and char-columns 10|10
warng: (249) strings: '21"                 '|'16"                 '
warng: (250) files differ at line 9040 and char-columns 10|10
warng: (250) strings: '21"                 '|'16"                 '
warng: (251) files differ at line 9042 and char-columns 10|10
warng: (251) strings: '24"                 '|'19"                 '
warng: (252) files differ at line 9044 and char-columns 10|10
warng: (252) strings: '21"                 '|'16"                 '
warng: (253) files differ at line 9046 and char-columns 10|10
warng: (253) strings: '22"                 '|'17"                 '
warng: (254) files differ at line 9048 and char-columns 11|11
warng: (254) strings: '5"                  '|'0"                  '
warng: (255) files differ at line 9050 and char-columns 11|11
warng: (255) strings: '6"                 1'|'1"                 1'
warng: (256) files differ at line 9052 and char-columns 11|11
warng: (256) strings: '7"                 1'|'2"                 1'
warng: (257) files differ at line 9056 and char-columns 11|11
warng: (257) strings: '8"                  '|'3"                  '
warng: (258) files differ at line 9058 and char-columns 10|10
warng: (258) strings: '20"                 '|'15"                 '
warng: (259) files differ at line 9060 and char-columns 10|10
warng: (259) strings: '21"                 '|'16"                 '
warng: (260) files differ at line 9062 and char-columns 10|10
warng: (260) strings: '22"                 '|'17"                 '
warng: (261) files differ at line 9064 and char-columns 10|10
warng: (261) strings: '23"                 '|'18"                 '
warng: (262) files differ at line 9066 and char-columns 10|10
warng: (262) strings: '22"                 '|'17"                 '
warng: (263) files differ at line 9068 and char-columns 10|10
warng: (263) strings: '21"                 '|'16"                 '
warng: (264) numdigit error [rule #4] rel = 1e-11 [|abs_err|=2e-13, |rel_err|=9.9e-10, ndig=14]
warng: (264) files differ at line 9069 column 8 between char-columns 158|158 and 173|173
warng: (264) numbers: '0.0002023801735'|'0.0002023801737'
warng: (265) files differ at line 9072 and char-columns 11|11
warng: (265) strings: '9"                  '|'4"                  '
warng: (266) files differ at line 9074 and char-columns 10|10
warng: (266) strings: '22"                 '|'17"                 '
warng: (267) files differ at line 9076 and char-columns 10|10
warng: (267) strings: '21"                 '|'16"                 '
warng: (268) files differ at line 9082 and char-columns 10|10
warng: (268) strings: '21"                 '|'16"                 '
warng: (269) files differ at line 9084 and char-columns 10|10
warng: (269) strings: '22"                 '|'17"                 '
warng: (270) files differ at line 9086 and char-columns 10|10
warng: (270) strings: '23"                 '|'18"                 '
warng: (271) files differ at line 9088 and char-columns 10|10
warng: (271) strings: '21"                 '|'16"                 '
warng: (272) files differ at line 9090 and char-columns 10|10
warng: (272) strings: '22"                 '|'17"                 '
warng: (273) files differ at line 9092 and char-columns 11|11
warng: (273) strings: '5"                  '|'0"                  '
warng: (274) files differ at line 9094 and char-columns 10|10
warng: (274) strings: '30"                 '|'25"                 '
warng: (275) files differ at line 9096 and char-columns 10|10
warng: (275) strings: '31"                 '|'26"                 '
warng: (276) files differ at line 9098 and char-columns 10|10
warng: (276) strings: '32"                 '|'27"                 '
warng: (277) files differ at line 9100 and char-columns 10|10
warng: (277) strings: '33"                 '|'28"                 '
warng: (278) files differ at line 9102 and char-columns 10|10
warng: (278) strings: '34"                 '|'29"                 '
warng: (279) files differ at line 9108 and char-columns 11|11
warng: (279) strings: '5"                  '|'0"                  '
warng: (280) files differ at line 9110 and char-columns 11|11
warng: (280) strings: '6"                  '|'1"                  '
warng: (281) files differ at line 9112 and char-columns 10|10
warng: (281) strings: '20"                 '|'15"                 '
warng: (282) files differ at line 9114 and char-columns 10|10
warng: (282) strings: '22"                 '|'17"                 '
warng: (283) files differ at line 9116 and char-columns 10|10
warng: (283) strings: '21"                 '|'16"                 '
warng: (284) files differ at line 9118 and char-columns 10|10
warng: (284) strings: '23"                 '|'18"                 '
warng: (285) files differ at line 9120 and char-columns 10|10
warng: (285) strings: '22"                 '|'17"                 '
warng: (286) files differ at line 9122 and char-columns 10|10
warng: (286) strings: '21"                 '|'16"                 '
warng: (287) files differ at line 9128 and char-columns 10|10
warng: (287) strings: '21"                 '|'16"                 '
warng: (288) files differ at line 9130 and char-columns 10|10
warng: (288) strings: '22"                 '|'17"                 '
warng: (289) files differ at line 9136 and char-columns 11|11
warng: (289) strings: '7"                  '|'2"                  '
warng: (290) files differ at line 9138 and char-columns 10|10
warng: (290) strings: '21"                 '|'16"                 '
warng: (291) files differ at line 9140 and char-columns 10|10
warng: (291) strings: '22"                 '|'17"                 '
warng: (292) files differ at line 9142 and char-columns 10|10
warng: (292) strings: '23"                 '|'18"                 '
warng: (293) files differ at line 9144 and char-columns 10|10
warng: (293) strings: '22"                 '|'17"                 '
warng: (294) files differ at line 9146 and char-columns 10|10
warng: (294) strings: '21"                 '|'16"                 '
warng: (295) files differ at line 9148 and char-columns 11|11
warng: (295) strings: '5"                  '|'0"                  '
warng: (296) files differ at line 9150 and char-columns 10|10
warng: (296) strings: '30"                 '|'25"                 '
warng: (297) files differ at line 9152 and char-columns 11|11
warng: (297) strings: '8"                 2'|'3"                 2'
warng: (298) files differ at line 9154 and char-columns 10|10
warng: (298) strings: '20"                 '|'15"                 '
warng: (299) files differ at line 9156 and char-columns 10|10
warng: (299) strings: '22"                 '|'17"                 '
warng: (300) files differ at line 9158 and char-columns 10|10
warng: (300) strings: '21"                 '|'16"                 '
warng: (301) files differ at line 9160 and char-columns 10|10
warng: (301) strings: '24"                 '|'19"                 '
warng: (302) files differ at line 9162 and char-columns 10|10
warng: (302) strings: '21"                 '|'16"                 '
warng: (303) files differ at line 9164 and char-columns 10|10
warng: (303) strings: '21"                 '|'16"                 '
warng: (304) files differ at line 9170 and char-columns 10|10
warng: (304) strings: '21"                 '|'16"                 '
warng: (305) files differ at line 9172 and char-columns 10|10
warng: (305) strings: '22"                 '|'17"                 '
warng: (306) files differ at line 9174 and char-columns 10|10
warng: (306) strings: '23"                 '|'18"                 '
warng: (307) files differ at line 9176 and char-columns 10|10
warng: (307) strings: '21"                 '|'16"                 '
warng: (308) files differ at line 9178 and char-columns 10|10
warng: (308) strings: '22"                 '|'17"                 '
warng: (309) files differ at line 9180 and char-columns 10|10
warng: (309) strings: '23"                 '|'18"                 '
warng: (310) files differ at line 9182 and char-columns 10|10
warng: (310) strings: '22"                 '|'17"                 '
warng: (311) files differ at line 9184 and char-columns 10|10
warng: (311) strings: '21"                 '|'16"                 '
warng: (312) files differ at line 9186 and char-columns 11|11
warng: (312) strings: '5"                  '|'0"                  '
warng: (313) files differ at line 9188 and char-columns 11|11
warng: (313) strings: '9"                  '|'4"                  '
warng: (314) files differ at line 9192 and char-columns 10|10
warng: (314) strings: '40"                 '|'35"                 '
warng: (315) files differ at line 9194 and char-columns 10|10
warng: (315) strings: '41"                 '|'36"                 '
warng: (316) files differ at line 9198 and char-columns 10|10
warng: (316) strings: '42"                2'|'37"                2'
warng: (317) files differ at line 9202 and char-columns 10|10
warng: (317) strings: '43"                 '|'38"                 '
warng: (318) files differ at line 9204 and char-columns 10|10
warng: (318) strings: '10"                2'|'05"                2'
warng: (319) files differ at line 9208 and char-columns 11|11
warng: (319) strings: '7"                20'|'2"                20'
warng: (320) files differ at line 9218 and char-columns 11|11
warng: (320) strings: '7"                20'|'2"                20'
warng: (321) files differ at line 9226 and char-columns 11|11
warng: (321) strings: '7"                20'|'2"                20'
warng: (322) files differ at line 9234 and char-columns 10|10
warng: (322) strings: '11"                2'|'06"                2'
warng: (323) files differ at line 9236 and char-columns 10|10
warng: (323) strings: '44"                2'|'39"                2'
warng: (324) files differ at line 9238 and char-columns 11|11
warng: (324) strings: '6"                  '|'1"                  '
warng: (325) numdigit error [rule #4] rel = 1e-11 [|abs_err|=1e-13, |rel_err|=1.7e-10, ndig=14]
warng: (325) files differ at line 9243 column 8 between char-columns 158|158 and 173|173
warng: (325) numbers: '0.0005820798976'|'0.0005820798975'
warng: (326) files differ at line 9244 and char-columns 11|11
warng: (326) strings: '7"                20'|'2"                20'
warng: (327) numdigit error [rule #4] rel = 1e-10 [|abs_err|=1e-12, |rel_err|=2.4e-10, ndig=13]
warng: (327) files differ at line 9245 column 8 between char-columns 159|159 and 173|173
warng: (327) numbers: '0.004176087719'|'0.004176087718'
warng: (328) files differ at line 9246 and char-columns 11|11
warng: (328) strings: '8"                20'|'3"                20'
warng: (329) files differ at line 9281 and char-columns 11|11
warng: (329) strings: '5"                20'|'0"                20'
warng: (330) files differ at line 9285 and char-columns 11|11
warng: (330) strings: '5"                20'|'0"                20'
warng: (331) files differ at line 9301 and char-columns 11|11
warng: (331) strings: '6"                20'|'1"                20'
warng: (332) files differ at line 9303 and char-columns 11|11
warng: (332) strings: '6"                20'|'1"                20'
warng: (333) files differ at line 9307 and char-columns 11|11
warng: (333) strings: '7"                20'|'2"                20'
warng: (334) files differ at line 9317 and char-columns 11|11
warng: (334) strings: '8"                20'|'3"                20'
warng: (335) files differ at line 9319 and char-columns 11|11
warng: (335) strings: '6"                20'|'1"                20'
warng: (336) files differ at line 9327 and char-columns 11|11
warng: (336) strings: '9"                20'|'4"                20'
warng: (337) files differ at line 9341 and char-columns 11|11
warng: (337) strings: '9"                20'|'4"                20'
warng: (338) files differ at line 9359 and char-columns 11|11
warng: (338) strings: '8"                20'|'3"                20'
warng: (339) files differ at line 9369 and char-columns 11|11
warng: (339) strings: '9"                20'|'4"                20'
warng: (340) files differ at line 9373 and char-columns 10|10
warng: (340) strings: '92"                2'|'87"                2'
warng: (341) files differ at line 9379 and char-columns 10|10
warng: (341) strings: '61"                2'|'56"                2'
warng: (342) files differ at line 9381 and char-columns 10|10
warng: (342) strings: '50"                 '|'45"                 '
warng: (343) files differ at line 9383 and char-columns 11|11
warng: (343) strings: '9"                20'|'4"                20'
warng: (344) files differ at line 9411 and char-columns 11|11
warng: (344) strings: '8"                20'|'3"                20'
warng: (345) files differ at line 9433 and char-columns 11|11
warng: (345) strings: '9"                20'|'4"                20'
warng: (346) files differ at line 9461 and char-columns 11|11
warng: (346) strings: '8"                20'|'3"                20'
warng: (347) files differ at line 9479 and char-columns 10|10
warng: (347) strings: '91"                2'|'86"                2'
warng: (348) files differ at line 9529 and char-columns 10|10
warng: (348) strings: '91"                2'|'86"                2'
warng: (349) files differ at line 9579 and char-columns 10|10
warng: (349) strings: '91"                 '|'86"                 '
warng: (350) files differ at line 9589 and char-columns 10|10
warng: (350) strings: '51"                2'|'46"                2'
warng: (351) files differ at line 9593 and char-columns 11|11
warng: (351) strings: '9"                21'|'4"                21'
warng: (352) files differ at line 9601 and char-columns 10|10
warng: (352) strings: '92"                2'|'87"                2'
warng: (353) files differ at line 9627 and char-columns 10|10
warng: (353) strings: '91"                2'|'86"                2'
warng: (354) files differ at line 9631 and char-columns 11|11
warng: (354) strings: '9"                21'|'4"                21'
warng: (355) files differ at line 9635 and char-columns 10|10
warng: (355) strings: '93"                2'|'88"                2'
warng: (356) files differ at line 9665 and char-columns 10|10
warng: (356) strings: '93"                2'|'88"                2'
warng: (357) files differ at line 9673 and char-columns 10|10
warng: (357) strings: '92"                2'|'87"                2'
warng: (358) files differ at line 9685 and char-columns 10|10
warng: (358) strings: '93"                2'|'88"                2'
warng: (359) files differ at line 9689 and char-columns 11|11
warng: (359) strings: '8"                 2'|'3"                 2'
warng: (360) files differ at line 9691 and char-columns 11|11
warng: (360) strings: '9"                21'|'4"                21'
warng: (361) files differ at line 9705 and char-columns 11|11
warng: (361) strings: '6"                21'|'1"                21'
warng: (362) files differ at line 9711 and char-columns 11|11
warng: (362) strings: '9"                21'|'4"                21'
warng: (363) files differ at line 9715 and char-columns 10|10
warng: (363) strings: '94"                2'|'89"                2'
warng: (364) files differ at line 9729 and char-columns 11|11
warng: (364) strings: '9"                 2'|'4"                 2'
warng: (365) files differ at line 9747 and char-columns 10|10
warng: (365) strings: '92"                2'|'87"                2'
warng: (366) files differ at line 9759 and char-columns 11|11
warng: (366) strings: '9"                21'|'4"                21'
warng: (367) files differ at line 9763 and char-columns 10|10
warng: (367) strings: '60"                 '|'55"                 '
warng: (368) files differ at line 9779 and char-columns 11|11
warng: (368) strings: '9"                21'|'4"                21'
warng: (369) files differ at line 9783 and char-columns 10|10
warng: (369) strings: '93"                2'|'88"                2'
warng: (370) files differ at line 9789 and char-columns 11|11
warng: (370) strings: '8"                21'|'3"                21'
warng: (371) files differ at line 9815 and char-columns 10|10
warng: (371) strings: '51"                2'|'46"                2'
warng: (372) files differ at line 9821 and char-columns 10|10
warng: (372) strings: '92"                2'|'87"                2'
warng: (373) files differ at line 9827 and char-columns 10|10
warng: (373) strings: '61"                2'|'56"                2'
warng: (374) files differ at line 9835 and char-columns 10|10
warng: (374) strings: '93"                2'|'88"                2'
warng: (375) files differ at line 9841 and char-columns 11|11
warng: (375) strings: '9"                21'|'4"                21'
warng: (376) files differ at line 9855 and char-columns 11|11
warng: (376) strings: '6"                21'|'1"                21'
warng: (377) files differ at line 9861 and char-columns 11|11
warng: (377) strings: '9"                21'|'4"                21'
warng: (378) files differ at line 9879 and char-columns 10|10
warng: (378) strings: '90"                2'|'85"                2'
warng: (379) files differ at line 9883 and char-columns 11|11
warng: (379) strings: '9"                21'|'4"                21'
warng: (380) files differ at line 9903 and char-columns 10|10
warng: (380) strings: '52"                2'|'47"                2'
warng: (381) files differ at line 9917 and char-columns 10|10
warng: (381) strings: '93"                 '|'88"                 '
warng: (382) files differ at line 9921 and char-columns 11|11
warng: (382) strings: '9"                21'|'4"                21'
warng: (383) files differ at line 9923 and char-columns 11|11
warng: (383) strings: '9"                21'|'4"                21'
warng: (384) files differ at line 9933 and char-columns 11|11
warng: (384) strings: '8"                21'|'3"                21'
warng: (385) files differ at line 9937 and char-columns 10|10
warng: (385) strings: '93"                2'|'88"                2'
warng: (386) files differ at line 9941 and char-columns 11|11
warng: (386) strings: '8"                21'|'3"                21'
warng: (387) files differ at line 9943 and char-columns 11|11
warng: (387) strings: '9"                21'|'4"                21'
warng: (388) files differ at line 9957 and char-columns 10|10
warng: (388) strings: '53"                2'|'48"                2'
warng: (389) files differ at line 9961 and char-columns 11|11
warng: (389) strings: '8"                21'|'3"                21'
warng: (390) files differ at line 9963 and char-columns 11|11
warng: (390) strings: '9"                21'|'4"                21'
warng: (391) files differ at line 9979 and char-columns 10|10
warng: (391) strings: '91"                2'|'86"                2'
warng: (392) files differ at line 9993 and char-columns 11|11
warng: (392) strings: '9"                21'|'4"                21'
warng: (393) files differ at line 9997 and char-columns 11|11
warng: (393) strings: '9"                21'|'4"                21'
warng: (394) files differ at line 9999 and char-columns 11|11
warng: (394) strings: '9"                21'|'4"                21'
warng: (395) files differ at line 10013 and char-columns 11|11
warng: (395) strings: '9"                21'|'4"                21'
warng: (396) files differ at line 10035 and char-columns 10|10
warng: (396) strings: '51"                2'|'46"                2'
warng: (397) files differ at line 10055 and char-columns 10|10
warng: (397) strings: '91"                 '|'86"                 '
warng: (398) files differ at line 10067 and char-columns 10|10
warng: (398) strings: '93"                2'|'88"                2'
warng: (399) files differ at line 10085 and char-columns 10|10
warng: (399) strings: '93"                 '|'88"                 '
warng: (400) files differ at line 10089 and char-columns 11|11
warng: (400) strings: '8"                22'|'3"                22'
warng: (401) files differ at line 10091 and char-columns 11|11
warng: (401) strings: '9"                22'|'4"                22'
warng: (402) files differ at line 10127 and char-columns 10|10
warng: (402) strings: '91"                2'|'86"                2'
warng: (403) files differ at line 10131 and char-columns 11|11
warng: (403) strings: '9"                22'|'4"                22'
warng: (404) files differ at line 10135 and char-columns 10|10
warng: (404) strings: '94"                2'|'89"                2'
warng: (405) files differ at line 10145 and char-columns 11|11
warng: (405) strings: '9"                22'|'4"                22'
warng: (406) files differ at line 10147 and char-columns 11|11
warng: (406) strings: '9"                22'|'4"                22'
warng: (407) files differ at line 10183 and char-columns 10|10
warng: (407) strings: '93"                2'|'88"                2'
warng: (408) files differ at line 10201 and char-columns 10|10
warng: (408) strings: '91"                 '|'86"                 '
warng: (409) files differ at line 10237 and char-columns 11|11
warng: (409) strings: '8"                22'|'3"                22'
warng: (410) files differ at line 10239 and char-columns 11|11
warng: (410) strings: '9"                22'|'4"                22'
warng: (411) files differ at line 10251 and char-columns 10|10
warng: (411) strings: '91"                2'|'86"                2'
warng: (412) files differ at line 10253 and char-columns 9|9
warng: (412) strings: '301"                '|'296"                '
warng: (413) files differ at line 10287 and char-columns 11|11
warng: (413) strings: '8"                22'|'3"                22'
warng: (414) files differ at line 10289 and char-columns 11|11
warng: (414) strings: '9"                22'|'4"                22'
warng: (415) files differ at line 10307 and char-columns 11|11
warng: (415) strings: '8"                22'|'3"                22'
warng: (416) files differ at line 10309 and char-columns 11|11
warng: (416) strings: '9"                22'|'4"                22'
warng: (417) files differ at line 10321 and char-columns 10|10
warng: (417) strings: '92"                2'|'87"                2'
warng: (418) files differ at line 10339 and char-columns 11|11
warng: (418) strings: '9"                22'|'4"                22'
warng: (419) files differ at line 10357 and char-columns 11|11
warng: (419) strings: '8"                22'|'3"                22'
warng: (420) files differ at line 10367 and char-columns 11|11
warng: (420) strings: '9"                22'|'4"                22'
warng: (421) files differ at line 10371 and char-columns 10|10
warng: (421) strings: '92"                2'|'87"                2'
warng: (422) files differ at line 10389 and char-columns 11|11
warng: (422) strings: '9"                22'|'4"                22'
warng: (423) files differ at line 10407 and char-columns 11|11
warng: (423) strings: '8"                22'|'3"                22'
warng: (424) files differ at line 10421 and char-columns 11|11
warng: (424) strings: '9"                22'|'4"                22'
warng: (425) files differ at line 10431 and char-columns 11|11
warng: (425) strings: '9"                22'|'4"                22'
warng: (426) files differ at line 10459 and char-columns 11|11
warng: (426) strings: '8"                22'|'3"                22'
warng: (427) files differ at line 10473 and char-columns 9|9
warng: (427) strings: '303"                '|'298"                '
warng: (428) files differ at line 10477 and char-columns 10|10
warng: (428) strings: '54"                2'|'49"                2'
warng: (429) files differ at line 10481 and char-columns 11|11
warng: (429) strings: '5"                22'|'0"                22'
warng: (430) files differ at line 10483 and char-columns 11|11
warng: (430) strings: '9"                22'|'4"                22'
warng: (431) files differ at line 10491 and char-columns 11|11
warng: (431) strings: '9"                22'|'4"                22'
warng: (432) files differ at line 10495 and char-columns 10|10
warng: (432) strings: '80"                2'|'75"                2'
warng: (433) files differ at line 10503 and char-columns 10|10
warng: (433) strings: '81"                2'|'76"                2'
warng: (434) files differ at line 10511 and char-columns 11|11
warng: (434) strings: '6"                 2'|'1"                 2'
warng: (435) files differ at line 10513 and char-columns 10|10
warng: (435) strings: '82"                 '|'77"                 '
warng: (436) files differ at line 10521 and char-columns 10|10
warng: (436) strings: '81"                2'|'76"                2'
warng: (437) files differ at line 10529 and char-columns 10|10
warng: (437) strings: '84"                2'|'79"                2'
warng: (438) files differ at line 10531 and char-columns 11|11
warng: (438) strings: '5"                23'|'0"                23'
warng: (439) files differ at line 10533 and char-columns 11|11
warng: (439) strings: '9"                23'|'4"                23'
warng: (440) files differ at line 10546 and char-columns 10|10
warng: (440) strings: '64"                2'|'59"                2'
warng: (441) files differ at line 10548 and char-columns 11|11
warng: (441) strings: '5"                23'|'0"                23'
warng: (442) files differ at line 10552 and char-columns 11|11
warng: (442) strings: '7"                23'|'2"                23'
warng: (443) files differ at line 10554 and char-columns 11|11
warng: (443) strings: '5"                23'|'0"                23'
warng: (444) files differ at line 10560 and char-columns 11|11
warng: (444) strings: '8"                23'|'3"                23'
warng: (445) files differ at line 10562 and char-columns 10|10
warng: (445) strings: '53"                2'|'48"                2'
warng: (446) files differ at line 10564 and char-columns 10|10
warng: (446) strings: '54"                2'|'49"                2'
warng: (447) files differ at line 10568 and char-columns 11|11
warng: (447) strings: '5"                23'|'0"                23'
warng: (448) files differ at line 10570 and char-columns 11|11
warng: (448) strings: '9"                23'|'4"                23'
warng: (449) files differ at line 10574 and char-columns 11|11
warng: (449) strings: '5"                23'|'0"                23'
warng: (450) files differ at line 10576 and char-columns 10|10
warng: (450) strings: '60"                2'|'55"                2'
warng: (451) files differ at line 10586 and char-columns 11|11
warng: (451) strings: '5"                23'|'0"                23'
warng: (452) files differ at line 10588 and char-columns 11|11
warng: (452) strings: '7"                23'|'2"                23'
warng: (453) files differ at line 10592 and char-columns 11|11
warng: (453) strings: '5"                23'|'0"                23'
warng: (454) files differ at line 10594 and char-columns 10|10
warng: (454) strings: '64"                2'|'59"                2'
warng: (455) files differ at line 10596 and char-columns 10|10
warng: (455) strings: '61"                2'|'56"                2'
warng: (456) files differ at line 10598 and char-columns 10|10
warng: (456) strings: '64"                2'|'59"                2'
warng: (457) files differ at line 10600 and char-columns 11|11
warng: (457) strings: '5"                23'|'0"                23'
warng: (458) files differ at line 10604 and char-columns 11|11
warng: (458) strings: '7"                23'|'2"                23'
warng: (459) files differ at line 10606 and char-columns 11|11
warng: (459) strings: '5"                23'|'0"                23'
warng: (460) files differ at line 10616 and char-columns 10|10
warng: (460) strings: '62"                2'|'57"                2'
warng: (461) files differ at line 10618 and char-columns 10|10
warng: (461) strings: '63"                2'|'58"                2'
warng: (462) files differ at line 10620 and char-columns 10|10
warng: (462) strings: '64"                2'|'59"                2'
warng: (463) files differ at line 10622 and char-columns 11|11
warng: (463) strings: '5"                23'|'0"                23'
warng: (464) files differ at line 10624 and char-columns 9|9
warng: (464) strings: '243"                '|'361"                '
warng: (465) files differ at line 10626 and char-columns 9|9
warng: (465) strings: '244"                '|'362"                '
warng: (466) files differ at line 10628 and char-columns 9|9
warng: (466) strings: '366"                '|'239"                '
warng: (467) files differ at line 10630 and char-columns 10|10
warng: (467) strings: '43"                2'|'38"                2'
warng: (468) files differ at line 10632 and char-columns 9|9
warng: (468) strings: '367"                '|'104"                '
warng: (469) files differ at line 10635 and char-columns 11|11
warng: (469) strings: '8"                23'|'3"                23'
warng: (470) files differ at line 10637 and char-columns 9|9
warng: (470) strings: '369"                '|'7"                  '
warng: (471) files differ at line 10639 and char-columns 9|9
warng: (471) strings: '370"                '|'241"                '
warng: (472) files differ at line 10641 and char-columns 9|9
warng: (472) strings: '240"                '|'364"                '
warng: (473) files differ at line 10643 and char-columns 9|9
warng: (473) strings: '7"                  '|'365"                '
warng: (474) files differ at line 10645 and char-columns 9|9
warng: (474) strings: '249"                '|'366"                '
warng: (475) files differ at line 10647 and char-columns 9|9
warng: (475) strings: '369"                '|'7"                  '
warng: (476) files differ at line 10649 and char-columns 9|9
warng: (476) strings: '370"                '|'241"                '
warng: (477) files differ at line 10651 and char-columns 9|9
warng: (477) strings: '240"                '|'364"                '
warng: (478) files differ at line 10653 and char-columns 9|9
warng: (478) strings: '7"                  '|'365"                '
warng: (479) files differ at line 10657 and char-columns 10|10
warng: (479) strings: '43"                2'|'38"                2'
warng: (480) files differ at line 10659 and char-columns 9|9
warng: (480) strings: '244"                '|'362"                '
warng: (481) files differ at line 10661 and char-columns 9|9
warng: (481) strings: '366"                '|'239"                '
warng: (482) files differ at line 10663 and char-columns 9|9
warng: (482) strings: '371"                '|'238"                '
warng: (483) files differ at line 10665 and char-columns 10|10
warng: (483) strings: '72"                2'|'67"                2'
warng: (484) files differ at line 10670 and char-columns 10|10
warng: (484) strings: '73"                2'|'68"                2'
warng: (485) files differ at line 10672 and char-columns 10|10
warng: (485) strings: '74"                2'|'69"                2'
warng: (486) files differ at line 10674 and char-columns 11|11
warng: (486) strings: '5"                23'|'0"                23'
warng: (487) files differ at line 10676 and char-columns 11|11
warng: (487) strings: '6"                23'|'1"                23'
warng: (488) files differ at line 10678 and char-columns 11|11
warng: (488) strings: '7"                23'|'2"                23'
warng: (489) files differ at line 10683 and char-columns 10|10
warng: (489) strings: '43"                2'|'38"                2'
warng: (490) files differ at line 10685 and char-columns 10|10
warng: (490) strings: '44"                2'|'39"                2'
warng: (491) files differ at line 10687 and char-columns 9|9
warng: (491) strings: '244"                '|'362"                '
warng: (492) files differ at line 10689 and char-columns 10|10
warng: (492) strings: '43"                2'|'38"                2'
warng: (493) files differ at line 10693 and char-columns 9|9
warng: (493) strings: '7"                  '|'365"                '
warng: (494) files differ at line 10695 and char-columns 9|9
warng: (494) strings: '240"                '|'364"                '
warng: (495) files differ at line 10697 and char-columns 9|9
warng: (495) strings: '370"                '|'241"                '
warng: (496) files differ at line 10701 and char-columns 10|10
warng: (496) strings: '78"                2'|'66"                2'
warng: (497) files differ at line 10703 and char-columns 9|9
warng: (497) strings: '7"                  '|'365"                '
warng: (498) files differ at line 10705 and char-columns 9|9
warng: (498) strings: '240"                '|'364"                '
warng: (499) files differ at line 10707 and char-columns 9|9
warng: (499) strings: '370"                '|'241"                '
warng: (500) files differ at line 10716 and char-columns 9|9
warng: (500) strings: '371"                '|'238"                '
warng: (501) files differ at line 10718 and char-columns 9|9
warng: (501) strings: '366"                '|'239"                '
warng: (502) files differ at line 10720 and char-columns 9|9
warng: (502) strings: '244"                '|'362"                '
warng: (503) files differ at line 10722 and char-columns 9|9
warng: (503) strings: '243"                '|'361"                '
warng: (504) files differ at line 10724 and char-columns 9|9
warng: (504) strings: '103"                '|'360"                '
warng: (505) files differ at line 10726 and char-columns 11|11
warng: (505) strings: '9"                23'|'3"                23'
warng: (506) files differ at line 10728 and char-columns 10|10
warng: (506) strings: '80"                2'|'74"                2'
warng: (507) files differ at line 10732 and char-columns 10|10
warng: (507) strings: '81"                2'|'75"                2'
warng: (508) files differ at line 10734 and char-columns 10|10
warng: (508) strings: '62"                2'|'57"                2'
warng: (509) files differ at line 10744 and char-columns 11|11
warng: (509) strings: '5"                23'|'0"                23'
warng: (510) files differ at line 10746 and char-columns 11|11
warng: (510) strings: '7"                23'|'2"                23'
warng: (511) files differ at line 10750 and char-columns 11|11
warng: (511) strings: '5"                23'|'0"                23'
warng: (512) files differ at line 10752 and char-columns 10|10
warng: (512) strings: '64"                2'|'59"                2'
warng: (513) files differ at line 10754 and char-columns 10|10
warng: (513) strings: '82"                2'|'76"                2'
warng: (514) files differ at line 10756 and char-columns 10|10
warng: (514) strings: '64"                2'|'59"                2'
warng: (515) files differ at line 10758 and char-columns 11|11
warng: (515) strings: '5"                23'|'0"                23'
warng: (516) files differ at line 10762 and char-columns 11|11
warng: (516) strings: '7"                23'|'2"                23'
warng: (517) files differ at line 10764 and char-columns 11|11
warng: (517) strings: '5"                23'|'0"                23'
warng: (518) numdigit error [rule #4] rel = 1e-10 [|abs_err|=1e-12, |rel_err|=1.1e-10, ndig=13]
warng: (518) files differ at line 10765 column 8 between char-columns 159|159 and 173|173
warng: (518) numbers: '0.008774303955'|'0.008774303956'
warng: (519) files differ at line 10774 and char-columns 10|10
warng: (519) strings: '83"                2'|'77"                2'
warng: (520) files differ at line 10776 and char-columns 10|10
warng: (520) strings: '64"                2'|'59"                2'
warng: (521) files differ at line 10778 and char-columns 11|11
warng: (521) strings: '5"                23'|'0"                23'
warng: (522) files differ at line 10782 and char-columns 11|11
warng: (522) strings: '7"                23'|'2"                23'
warng: (523) files differ at line 10784 and char-columns 11|11
warng: (523) strings: '5"                23'|'0"                23'
warng: (524) files differ at line 10790 and char-columns 10|10
warng: (524) strings: '84"                2'|'78"                2'
warng: (525) files differ at line 10792 and char-columns 10|10
warng: (525) strings: '53"                2'|'48"                2'
warng: (526) files differ at line 10794 and char-columns 10|10
warng: (526) strings: '54"                2'|'49"                2'
warng: (527) files differ at line 10800 and char-columns 10|10
warng: (527) strings: '85"                2'|'79"                2'
warng: (528) files differ at line 10806 and char-columns 11|11
warng: (528) strings: '6"                23'|'0"                23'
warng: (529) files differ at line 10823 and char-columns 10|10
warng: (529) strings: '84"                2'|'79"                2'
warng: (530) files differ at line 10825 and char-columns 11|11
warng: (530) strings: '5"                23'|'0"                23'
warng: (531) files differ at line 10841 and char-columns 11|11
warng: (531) strings: '7"                 2'|'1"                 2'
warng: (532) files differ at line 10857 and char-columns 10|10
warng: (532) strings: '84"                2'|'79"                2'
warng: (533) files differ at line 10859 and char-columns 11|11
warng: (533) strings: '5"                23'|'0"                23'
warng: (534) files differ at line 10871 and char-columns 11|11
warng: (534) strings: '8"                23'|'2"                23'
warng: (535) files differ at line 10877 and char-columns 10|10
warng: (535) strings: '91"                2'|'86"                2'
warng: (536) files differ at line 10907 and char-columns 11|11
warng: (536) strings: '9"                23'|'3"                23'
warng: (537) files differ at line 10911 and char-columns 11|11
warng: (537) strings: '8"                23'|'3"                23'
warng: (538) files differ at line 10931 and char-columns 10|10
warng: (538) strings: '61"                2'|'56"                2'
warng: (539) files differ at line 10959 and char-columns 11|11
warng: (539) strings: '9"                23'|'3"                23'
warng: (540) files differ at line 10963 and char-columns 11|11
warng: (540) strings: '8"                23'|'3"                23'
warng: (541) files differ at line 11009 and char-columns 11|11
warng: (541) strings: '9"                24'|'3"                24'
warng: (542) files differ at line 11011 and char-columns 10|10
warng: (542) strings: '90"                2'|'84"                2'
warng: (543) files differ at line 11047 and char-columns 10|10
warng: (543) strings: '90"                2'|'84"                2'
warng: (544) files differ at line 11049 and char-columns 11|11
warng: (544) strings: '9"                24'|'4"                24'
warng: (545) files differ at line 11053 and char-columns 10|10
warng: (545) strings: '92"                2'|'87"                2'
warng: (546) files differ at line 11077 and char-columns 10|10
warng: (546) strings: '92"                2'|'87"                2'
warng: (547) files differ at line 11099 and char-columns 11|11
warng: (547) strings: '9"                24'|'4"                24'
warng: (548) files differ at line 11101 and char-columns 11|11
warng: (548) strings: '9"                24'|'4"                24'
warng: (549) files differ at line 11123 and char-columns 11|11
warng: (549) strings: '9"                24'|'4"                24'
warng: (550) files differ at line 11125 and char-columns 11|11
warng: (550) strings: '9"                24'|'4"                24'
warng: (551) files differ at line 11137 and char-columns 10|10
warng: (551) strings: '90"                2'|'84"                2'
warng: (552) files differ at line 11143 and char-columns 11|11
warng: (552) strings: '8"                24'|'3"                24'
warng: (553) files differ at line 11147 and char-columns 10|10
warng: (553) strings: '90"                2'|'84"                2'
warng: (554) files differ at line 11161 and char-columns 10|10
warng: (554) strings: '90"                2'|'84"                2'
warng: (555) files differ at line 11171 and char-columns 10|10
warng: (555) strings: '90"                2'|'84"                2'
warng: (556) files differ at line 11173 and char-columns 11|11
warng: (556) strings: '9"                24'|'4"                24'
warng: (557) files differ at line 11175 and char-columns 11|11
warng: (557) strings: '9"                24'|'4"                24'
warng: (558) files differ at line 11187 and char-columns 10|10
warng: (558) strings: '90"                2'|'84"                2'
warng: (559) files differ at line 11191 and char-columns 10|10
warng: (559) strings: '91"                2'|'85"                2'
warng: (560) files differ at line 11193 and char-columns 11|11
warng: (560) strings: '8"                 2'|'3"                 2'
warng: (561) files differ at line 11197 and char-columns 10|10
warng: (561) strings: '90"                2'|'84"                2'
warng: (562) files differ at line 11199 and char-columns 11|11
warng: (562) strings: '9"                24'|'4"                24'
warng: (563) files differ at line 11201 and char-columns 11|11
warng: (563) strings: '9"                24'|'4"                24'
warng: (564) files differ at line 11211 and char-columns 10|10
warng: (564) strings: '90"                2'|'84"                2'
warng: (565) files differ at line 11217 and char-columns 10|10
warng: (565) strings: '91"                2'|'85"                2'
warng: (566) files differ at line 11221 and char-columns 10|10
warng: (566) strings: '90"                2'|'84"                2'
warng: (567) files differ at line 11223 and char-columns 11|11
warng: (567) strings: '9"                24'|'4"                24'
warng: (568) files differ at line 11225 and char-columns 11|11
warng: (568) strings: '9"                24'|'4"                24'
warng: (569) files differ at line 11237 and char-columns 10|10
warng: (569) strings: '90"                2'|'84"                2'
warng: (570) files differ at line 11241 and char-columns 10|10
warng: (570) strings: '91"                2'|'85"                2'
warng: (571) files differ at line 11247 and char-columns 10|10
warng: (571) strings: '90"                2'|'84"                2'
warng: (572) files differ at line 11249 and char-columns 11|11
warng: (572) strings: '9"                24'|'4"                24'
warng: (573) files differ at line 11253 and char-columns 10|10
warng: (573) strings: '92"                2'|'87"                2'
warng: (574) files differ at line 11261 and char-columns 10|10
warng: (574) strings: '90"                2'|'84"                2'
warng: (575) files differ at line 11267 and char-columns 10|10
warng: (575) strings: '90"                 '|'84"                 '
warng: (576) files differ at line 11277 and char-columns 10|10
warng: (576) strings: '92"                2'|'87"                2'
warng: (577) files differ at line 11287 and char-columns 10|10
warng: (577) strings: '90"                2'|'84"                2'
warng: (578) files differ at line 11291 and char-columns 10|10
warng: (578) strings: '90"                2'|'84"                2'
warng: (579) files differ at line 11313 and char-columns 11|11
warng: (579) strings: '8"                24'|'3"                24'
warng: (580) files differ at line 11317 and char-columns 10|10
warng: (580) strings: '90"                2'|'84"                2'
warng: (581) files differ at line 11341 and char-columns 10|10
warng: (581) strings: '90"                2'|'84"                2'
warng: (582) files differ at line 11347 and char-columns 10|10
warng: (582) strings: '91"                2'|'85"                2'
warng: (583) files differ at line 11367 and char-columns 10|10
warng: (583) strings: '90"                2'|'84"                2'
warng: (584) files differ at line 11371 and char-columns 10|10
warng: (584) strings: '91"                2'|'85"                2'
warng: (585) files differ at line 11383 and char-columns 10|10
warng: (585) strings: '61"                2'|'56"                2'
warng: (586) files differ at line 11395 and char-columns 11|11
warng: (586) strings: '8"                24'|'3"                24'
warng: (587) files differ at line 11435 and char-columns 10|10
warng: (587) strings: '61"                2'|'56"                2'
warng: (588) files differ at line 11447 and char-columns 11|11
warng: (588) strings: '8"                24'|'3"                24'
warng: (589) files differ at line 11451 and char-columns 10|10
warng: (589) strings: '90"                2'|'84"                2'
warng: (590) files differ at line 11459 and char-columns 10|10
warng: (590) strings: '92"                2'|'86"                2'
warng: (591) files differ at line 11461 and char-columns 10|10
warng: (591) strings: '91"                2'|'86"                2'
warng: (592) files differ at line 11465 and char-columns 10|10
warng: (592) strings: '90"                2'|'84"                2'
warng: (593) files differ at line 11475 and char-columns 10|10
warng: (593) strings: '90"                2'|'84"                2'
warng: (594) files differ at line 11477 and char-columns 11|11
warng: (594) strings: '9"                25'|'4"                25'
warng: (595) files differ at line 11479 and char-columns 11|11
warng: (595) strings: '9"                25'|'4"                25'
warng: (596) files differ at line 11491 and char-columns 10|10
warng: (596) strings: '90"                2'|'84"                2'
warng: (597) files differ at line 11501 and char-columns 10|10
warng: (597) strings: '90"                2'|'84"                2'
warng: (598) files differ at line 11503 and char-columns 11|11
warng: (598) strings: '9"                25'|'4"                25'
warng: (599) files differ at line 11507 and char-columns 10|10
warng: (599) strings: '92"                2'|'87"                2'
warng: (600) files differ at line 11515 and char-columns 10|10
warng: (600) strings: '90"                2'|'84"                2'
warng: (601) files differ at line 11531 and char-columns 10|10
warng: (601) strings: '92"                2'|'87"                2'
warng: (602) files differ at line 11541 and char-columns 10|10
warng: (602) strings: '90"                2'|'84"                2'
warng: (603) files differ at line 11565 and char-columns 10|10
warng: (603) strings: '90"                2'|'84"                2'
warng: (604) files differ at line 11595 and char-columns 10|10
warng: (604) strings: '90"                2'|'84"                2'
warng: (605) files differ at line 11621 and char-columns 10|10
warng: (605) strings: '90"                2'|'84"                2'
warng: (606) files differ at line 11641 and char-columns 10|10
warng: (606) strings: '91"                2'|'85"                2'
warng: (607) files differ at line 11645 and char-columns 10|10
warng: (607) strings: '90"                2'|'84"                2'
warng: (608) files differ at line 11661 and char-columns 10|10
warng: (608) strings: '91"                2'|'86"                2'
warng: (609) files differ at line 11663 and char-columns 10|10
warng: (609) strings: '93"                 '|'87"                 '
warng: (610) files differ at line 11671 and char-columns 10|10
warng: (610) strings: '90"                2'|'84"                2'
warng: (611) files differ at line 11685 and char-columns 10|10
warng: (611) strings: '91"                2'|'86"                2'
warng: (612) files differ at line 11695 and char-columns 10|10
warng: (612) strings: '90"                2'|'84"                2'
warng: (613) files differ at line 11711 and char-columns 10|10
warng: (613) strings: '91"                2'|'86"                2'
warng: (614) files differ at line 11713 and char-columns 10|10
warng: (614) strings: '93"                2'|'87"                2'
warng: (615) files differ at line 11721 and char-columns 10|10
warng: (615) strings: '90"                2'|'84"                2'
warng: (616) files differ at line 11725 and char-columns 10|10
warng: (616) strings: '90"                2'|'84"                2'
warng: (617) files differ at line 11735 and char-columns 10|10
warng: (617) strings: '91"                2'|'86"                2'
warng: (618) files differ at line 11751 and char-columns 10|10
warng: (618) strings: '90"                2'|'84"                2'
warng: (619) files differ at line 11765 and char-columns 10|10
warng: (619) strings: '90"                2'|'84"                2'
warng: (620) files differ at line 11785 and char-columns 10|10
warng: (620) strings: '91"                 '|'86"                 '
warng: (621) files differ at line 11797 and char-columns 11|11
warng: (621) strings: '8"                25'|'3"                25'
warng: (622) files differ at line 11811 and char-columns 10|10
warng: (622) strings: '91"                2'|'86"                2'
warng: (623) files differ at line 11821 and char-columns 10|10
warng: (623) strings: '90"                2'|'84"                2'
warng: (624) files differ at line 11861 and char-columns 10|10
warng: (624) strings: '91"                2'|'86"                2'
warng: (625) files differ at line 11913 and char-columns 11|11
warng: (625) strings: '9"                25'|'3"                25'
warng: (626) files differ at line 11917 and char-columns 11|11
warng: (626) strings: '8"                25'|'3"                25'
warng: (627) files differ at line 11931 and char-columns 10|10
warng: (627) strings: '92"                2'|'87"                2'
warng: (628) files differ at line 11963 and char-columns 11|11
warng: (628) strings: '9"                26'|'3"                26'
warng: (629) files differ at line 11965 and char-columns 10|10
warng: (629) strings: '90"                2'|'84"                2'
warng: (630) files differ at line 11977 and char-columns 10|10
warng: (630) strings: '94"                2'|'88"                2'
warng: (631) files differ at line 11979 and char-columns 10|10
warng: (631) strings: '95"                2'|'89"                2'
warng: (632) files differ at line 11983 and char-columns 10|10
warng: (632) strings: '92"                2'|'87"                2'
warng: (633) files differ at line 12009 and char-columns 10|10
warng: (633) strings: '92"                2'|'87"                2'
warng: (634) files differ at line 12029 and char-columns 10|10
warng: (634) strings: '94"                2'|'88"                2'
warng: (635) files differ at line 12031 and char-columns 11|11
warng: (635) strings: '6"                26'|'0"                26'
warng: (636) files differ at line 12033 and char-columns 9|9
warng: (636) strings: '303"                '|'298"                '
warng: (637) files differ at line 12037 and char-columns 9|9
warng: (637) strings: '304"                '|'299"                '
warng: (638) files differ at line 12039 and char-columns 10|10
warng: (638) strings: '91"                2'|'86"                2'
warng: (639) files differ at line 12055 and char-columns 10|10
warng: (639) strings: '84"                2'|'79"                2'
warng: (640) files differ at line 12057 and char-columns 11|11
warng: (640) strings: '5"                26'|'0"                26'
warng: (641) files differ at line 12073 and char-columns 10|10
warng: (641) strings: '82"                2'|'77"                2'
warng: (642) files differ at line 12089 and char-columns 10|10
warng: (642) strings: '84"                2'|'79"                2'
warng: (643) files differ at line 12091 and char-columns 11|11
warng: (643) strings: '5"                26'|'0"                26'
warng: (644) files differ at line 12101 and char-columns 9|9
warng: (644) strings: '300"                '|'295"                '
warng: (645) files differ at line 12112 and char-columns 11|11
warng: (645) strings: '7"                 2'|'1"                 2'
warng: (646) files differ at line 12120 and char-columns 11|11
warng: (646) strings: '8"                 2'|'2"                 2'
warng: (647) files differ at line 12124 and char-columns 11|11
warng: (647) strings: '9"                  '|'3"                  '
warng: (648) files differ at line 12128 and char-columns 9|9
warng: (648) strings: '400"                '|'394"                '
warng: (649) files differ at line 12130 and char-columns 9|9
warng: (649) strings: '401"                '|'395"                '
warng: (650) files differ at line 12134 and char-columns 11|11
warng: (650) strings: '9"                  '|'3"                  '
warng: (651) files differ at line 12138 and char-columns 9|9
warng: (651) strings: '400"                '|'394"                '
warng: (652) files differ at line 12148 and char-columns 9|9
warng: (652) strings: '402"                '|'396"                '
warng: (653) files differ at line 12156 and char-columns 9|9
warng: (653) strings: '403"                '|'397"                '
warng: (654) files differ at line 12160 and char-columns 9|9
warng: (654) strings: '404"                '|'398"                '
warng: (655) files differ at line 12162 and char-columns 9|9
warng: (655) strings: '405"                '|'236"                '
warng: (656) files differ at line 12166 and char-columns 9|9
warng: (656) strings: '405"                '|'399"                '
warng: (657) files differ at line 12170 and char-columns 9|9
warng: (657) strings: '236"                '|'399"                '
warng: (658) files differ at line 12172 and char-columns 11|11
warng: (658) strings: '6"                  '|'0"                  '
warng: (659) files differ at line 12174 and char-columns 9|9
warng: (659) strings: '243"                '|'361"                '
warng: (660) files differ at line 12176 and char-columns 9|9
warng: (660) strings: '244"                '|'362"                '
warng: (661) files differ at line 12178 and char-columns 10|10
warng: (661) strings: '44"                 '|'39"                 '
warng: (662) files differ at line 12180 and char-columns 10|10
warng: (662) strings: '43"                 '|'38"                 '
warng: (663) files differ at line 12182 and char-columns 9|9
warng: (663) strings: '237"                '|'401"                '
warng: (664) files differ at line 12184 and char-columns 10|10
warng: (664) strings: '38"                 '|'40"                 '
warng: (665) files differ at line 12187 and char-columns 9|9
warng: (665) strings: '239"                '|'363"                '
warng: (666) files differ at line 12191 and char-columns 11|11
warng: (666) strings: '0"                26'|'1"                26'
warng: (667) files differ at line 12193 and char-columns 10|10
warng: (667) strings: '70"                2'|'64"                2'
warng: (668) files differ at line 12195 and char-columns 9|9
warng: (668) strings: '7"                  '|'365"                '
warng: (669) files differ at line 12197 and char-columns 10|10
warng: (669) strings: '78"                 '|'66"                 '
warng: (670) files differ at line 12201 and char-columns 11|11
warng: (670) strings: '0"                26'|'1"                26'
warng: (671) files differ at line 12203 and char-columns 10|10
warng: (671) strings: '70"                2'|'64"                2'
warng: (672) files differ at line 12205 and char-columns 9|9
warng: (672) strings: '7"                  '|'365"                '
warng: (673) files differ at line 12207 and char-columns 9|9
warng: (673) strings: '6"                  '|'402"                '
warng: (674) files differ at line 12209 and char-columns 9|9
warng: (674) strings: '5"                  '|'403"                '
warng: (675) files differ at line 12211 and char-columns 9|9
warng: (675) strings: '371"                '|'238"                '
warng: (676) files differ at line 12213 and char-columns 11|11
warng: (676) strings: '6"                  '|'2"                  '
warng: (677) files differ at line 12215 and char-columns 10|10
warng: (677) strings: '44"                 '|'39"                 '
warng: (678) files differ at line 12217 and char-columns 10|10
warng: (678) strings: '43"                 '|'38"                 '
warng: (679) files differ at line 12219 and char-columns 9|9
warng: (679) strings: '407"                '|'367"                '
warng: (680) files differ at line 12222 and char-columns 11|11
warng: (680) strings: '8"                 2'|'4"                 2'
warng: (681) files differ at line 12224 and char-columns 11|11
warng: (681) strings: '6"                  '|'4"                  '
warng:  12228 lines have been diffed   in ibs_output.tfs
warng:    681 diffs have been detected in ibs_output.tfs
 + test-ibs                                           (0.18 s) -  1/ 2 : [31mFAIL[0m
